[04-09 08:49:16]: [INFO] Created column 'regdate' and set the current timestamp, 1744188556577, to all 0 rows
[04-09 08:49:16]: [INFO] SQLite Setup finished
[04-09 08:49:16]: [INFO] No supported permissions system found! Permissions are disabled!
[04-09 08:49:16]: [WARN] WARNING! The protectInventory feature requires ProtocolLib! Disabling it...
[04-09 08:49:17]: [INFO] AuthMe 5.6.0 build n.CUSTOM successfully enabled!
[04-09 08:49:22]: [INFO] Downloading GEO IP database, because the old database is older than 30 days or doesn't exist
[04-09 08:49:22]: [WARN] No MaxMind credentials found in the configuration file! GeoIp protections will be disabled.
[04-09 08:49:22]: [INFO] There is no newer GEO IP database uploaded to MaxMind. Using the old one for now.
[04-09 08:49:22]: [WARN] Could not download GeoLiteAPI database [FileNotFoundException]: plugins/AuthMe/GeoLite2-Country.mmdb (No such file or directory)
[04-09 08:49:22]: java.io.FileNotFoundException: plugins/AuthMe/GeoLite2-Country.mmdb (No such file or directory)
	at java.base/java.io.RandomAccessFile.open0(Native Method)
	at java.base/java.io.RandomAccessFile.open(RandomAccessFile.java:356)
	at java.base/java.io.RandomAccessFile.<init>(RandomAccessFile.java:273)
	at java.base/java.io.RandomAccessFile.<init>(RandomAccessFile.java:223)
	at AuthMe-5.6.0.jar//fr.xephi.authme.libs.com.maxmind.db.BufferHolder.<init>(BufferHolder.java:20)
	at AuthMe-5.6.0.jar//fr.xephi.authme.libs.com.maxmind.db.Reader.<init>(Reader.java:121)
	at AuthMe-5.6.0.jar//fr.xephi.authme.service.GeoIpService.startReading(GeoIpService.java:179)
	at AuthMe-5.6.0.jar//fr.xephi.authme.service.GeoIpService.updateDatabase(GeoIpService.java:150)
	at org.bukkit.craftbukkit.scheduler.CraftTask.run(CraftTask.java:78)
	at org.bukkit.craftbukkit.scheduler.CraftAsyncTask.run(CraftAsyncTask.java:57)
	at com.destroystokyo.paper.ServerSchedulerReportingWrapper.run(ServerSchedulerReportingWrapper.java:22)
	at java.base/java.util.concurrent.ThreadPoolExecutor.runWorker(ThreadPoolExecutor.java:1144)
	at java.base/java.util.concurrent.ThreadPoolExecutor$Worker.run(ThreadPoolExecutor.java:642)
	at java.base/java.lang.Thread.run(Thread.java:1583)

[04-09 08:49:54]: [INFO] AuthMe 5.6.0-bCUSTOM disabled!
[04-09 08:50:14]: [INFO] SQLite Setup finished
[04-09 08:50:14]: [INFO] No supported permissions system found! Permissions are disabled!
[04-09 08:50:14]: [WARN] WARNING! The protectInventory feature requires ProtocolLib! Disabling it...
[04-09 08:50:15]: [INFO] AuthMe 5.6.0 build n.CUSTOM successfully enabled!
[04-09 08:50:20]: [INFO] Downloading GEO IP database, because the old database is older than 30 days or doesn't exist
[04-09 08:50:20]: [WARN] No MaxMind credentials found in the configuration file! GeoIp protections will be disabled.
[04-09 08:50:20]: [INFO] There is no newer GEO IP database uploaded to MaxMind. Using the old one for now.
[04-09 08:50:20]: [WARN] Could not download GeoLiteAPI database [FileNotFoundException]: plugins/AuthMe/GeoLite2-Country.mmdb (No such file or directory)
[04-09 08:50:20]: java.io.FileNotFoundException: plugins/AuthMe/GeoLite2-Country.mmdb (No such file or directory)
	at java.base/java.io.RandomAccessFile.open0(Native Method)
	at java.base/java.io.RandomAccessFile.open(RandomAccessFile.java:356)
	at java.base/java.io.RandomAccessFile.<init>(RandomAccessFile.java:273)
	at java.base/java.io.RandomAccessFile.<init>(RandomAccessFile.java:223)
	at AuthMe-5.6.0.jar//fr.xephi.authme.libs.com.maxmind.db.BufferHolder.<init>(BufferHolder.java:20)
	at AuthMe-5.6.0.jar//fr.xephi.authme.libs.com.maxmind.db.Reader.<init>(Reader.java:121)
	at AuthMe-5.6.0.jar//fr.xephi.authme.service.GeoIpService.startReading(GeoIpService.java:179)
	at AuthMe-5.6.0.jar//fr.xephi.authme.service.GeoIpService.updateDatabase(GeoIpService.java:150)
	at org.bukkit.craftbukkit.scheduler.CraftTask.run(CraftTask.java:78)
	at org.bukkit.craftbukkit.scheduler.CraftAsyncTask.run(CraftAsyncTask.java:57)
	at com.destroystokyo.paper.ServerSchedulerReportingWrapper.run(ServerSchedulerReportingWrapper.java:22)
	at java.base/java.util.concurrent.ThreadPoolExecutor.runWorker(ThreadPoolExecutor.java:1144)
	at java.base/java.util.concurrent.ThreadPoolExecutor$Worker.run(ThreadPoolExecutor.java:642)
	at java.base/java.lang.Thread.run(Thread.java:1583)

[04-09 08:50:59]: [FINE] matrix_gamer95 registered 127.0.0.1
[04-09 08:50:59]: [FINE] matrix_gamer95 logged in 127.0.0.1
[04-09 08:52:57]: [INFO] AuthMe 5.6.0-bCUSTOM disabled!
[04-09 08:53:25]: [INFO] SQLite Setup finished
[04-09 08:53:25]: [INFO] No supported permissions system found! Permissions are disabled!
[04-09 08:53:25]: [WARN] WARNING! The protectInventory feature requires ProtocolLib! Disabling it...
[04-09 08:53:25]: [INFO] AuthMe 5.6.0 build n.CUSTOM successfully enabled!
[04-09 08:53:31]: [INFO] Downloading GEO IP database, because the old database is older than 30 days or doesn't exist
[04-09 08:53:31]: [WARN] No MaxMind credentials found in the configuration file! GeoIp protections will be disabled.
[04-09 08:53:31]: [INFO] There is no newer GEO IP database uploaded to MaxMind. Using the old one for now.
[04-09 08:53:31]: [WARN] Could not download GeoLiteAPI database [FileNotFoundException]: plugins/AuthMe/GeoLite2-Country.mmdb (No such file or directory)
[04-09 08:53:31]: java.io.FileNotFoundException: plugins/AuthMe/GeoLite2-Country.mmdb (No such file or directory)
	at java.base/java.io.RandomAccessFile.open0(Native Method)
	at java.base/java.io.RandomAccessFile.open(RandomAccessFile.java:356)
	at java.base/java.io.RandomAccessFile.<init>(RandomAccessFile.java:273)
	at java.base/java.io.RandomAccessFile.<init>(RandomAccessFile.java:223)
	at AuthMe-5.6.0.jar//fr.xephi.authme.libs.com.maxmind.db.BufferHolder.<init>(BufferHolder.java:20)
	at AuthMe-5.6.0.jar//fr.xephi.authme.libs.com.maxmind.db.Reader.<init>(Reader.java:121)
	at AuthMe-5.6.0.jar//fr.xephi.authme.service.GeoIpService.startReading(GeoIpService.java:179)
	at AuthMe-5.6.0.jar//fr.xephi.authme.service.GeoIpService.updateDatabase(GeoIpService.java:150)
	at org.bukkit.craftbukkit.scheduler.CraftTask.run(CraftTask.java:78)
	at org.bukkit.craftbukkit.scheduler.CraftAsyncTask.run(CraftAsyncTask.java:57)
	at com.destroystokyo.paper.ServerSchedulerReportingWrapper.run(ServerSchedulerReportingWrapper.java:22)
	at java.base/java.util.concurrent.ThreadPoolExecutor.runWorker(ThreadPoolExecutor.java:1144)
	at java.base/java.util.concurrent.ThreadPoolExecutor$Worker.run(ThreadPoolExecutor.java:642)
	at java.base/java.lang.Thread.run(Thread.java:1583)

[04-09 08:53:57]: [FINE] matrix_gamer95 logged in 127.0.0.1
[04-09 09:35:23]: [INFO] SQLite Setup finished
[04-09 09:35:23]: [INFO] No supported permissions system found! Permissions are disabled!
[04-09 09:35:23]: [WARN] WARNING! The protectInventory feature requires ProtocolLib! Disabling it...
[04-09 09:35:24]: [INFO] AuthMe 5.6.0 build n.CUSTOM successfully enabled!
[04-09 09:35:30]: [INFO] Downloading GEO IP database, because the old database is older than 30 days or doesn't exist
[04-09 09:35:30]: [WARN] No MaxMind credentials found in the configuration file! GeoIp protections will be disabled.
[04-09 09:35:30]: [INFO] There is no newer GEO IP database uploaded to MaxMind. Using the old one for now.
[04-09 09:35:30]: [WARN] Could not download GeoLiteAPI database [FileNotFoundException]: plugins/AuthMe/GeoLite2-Country.mmdb (No such file or directory)
[04-09 09:35:30]: java.io.FileNotFoundException: plugins/AuthMe/GeoLite2-Country.mmdb (No such file or directory)
	at java.base/java.io.RandomAccessFile.open0(Native Method)
	at java.base/java.io.RandomAccessFile.open(RandomAccessFile.java:356)
	at java.base/java.io.RandomAccessFile.<init>(RandomAccessFile.java:273)
	at java.base/java.io.RandomAccessFile.<init>(RandomAccessFile.java:223)
	at AuthMe-5.6.0.jar//fr.xephi.authme.libs.com.maxmind.db.BufferHolder.<init>(BufferHolder.java:20)
	at AuthMe-5.6.0.jar//fr.xephi.authme.libs.com.maxmind.db.Reader.<init>(Reader.java:121)
	at AuthMe-5.6.0.jar//fr.xephi.authme.service.GeoIpService.startReading(GeoIpService.java:179)
	at AuthMe-5.6.0.jar//fr.xephi.authme.service.GeoIpService.updateDatabase(GeoIpService.java:150)
	at org.bukkit.craftbukkit.scheduler.CraftTask.run(CraftTask.java:78)
	at org.bukkit.craftbukkit.scheduler.CraftAsyncTask.run(CraftAsyncTask.java:57)
	at com.destroystokyo.paper.ServerSchedulerReportingWrapper.run(ServerSchedulerReportingWrapper.java:22)
	at java.base/java.util.concurrent.ThreadPoolExecutor.runWorker(ThreadPoolExecutor.java:1144)
	at java.base/java.util.concurrent.ThreadPoolExecutor$Worker.run(ThreadPoolExecutor.java:642)
	at java.base/java.lang.Thread.run(Thread.java:1583)

[04-09 09:36:21]: [FINE] matrix_gamer95 logged in 127.0.0.1
[04-09 10:53:10]: [INFO] SQLite Setup finished
[04-09 10:53:10]: [INFO] No supported permissions system found! Permissions are disabled!
[04-09 10:53:10]: [WARN] WARNING! The protectInventory feature requires ProtocolLib! Disabling it...
[04-09 10:53:10]: [INFO] AuthMe 5.6.0 build n.CUSTOM successfully enabled!
[04-09 10:53:16]: [INFO] Downloading GEO IP database, because the old database is older than 30 days or doesn't exist
[04-09 10:53:16]: [WARN] No MaxMind credentials found in the configuration file! GeoIp protections will be disabled.
[04-09 10:53:16]: [INFO] There is no newer GEO IP database uploaded to MaxMind. Using the old one for now.
[04-09 10:53:16]: [WARN] Could not download GeoLiteAPI database [FileNotFoundException]: plugins/AuthMe/GeoLite2-Country.mmdb (No such file or directory)
[04-09 10:53:16]: java.io.FileNotFoundException: plugins/AuthMe/GeoLite2-Country.mmdb (No such file or directory)
	at java.base/java.io.RandomAccessFile.open0(Native Method)
	at java.base/java.io.RandomAccessFile.open(RandomAccessFile.java:356)
	at java.base/java.io.RandomAccessFile.<init>(RandomAccessFile.java:273)
	at java.base/java.io.RandomAccessFile.<init>(RandomAccessFile.java:223)
	at AuthMe-5.6.0.jar//fr.xephi.authme.libs.com.maxmind.db.BufferHolder.<init>(BufferHolder.java:20)
	at AuthMe-5.6.0.jar//fr.xephi.authme.libs.com.maxmind.db.Reader.<init>(Reader.java:121)
	at AuthMe-5.6.0.jar//fr.xephi.authme.service.GeoIpService.startReading(GeoIpService.java:179)
	at AuthMe-5.6.0.jar//fr.xephi.authme.service.GeoIpService.updateDatabase(GeoIpService.java:150)
	at org.bukkit.craftbukkit.scheduler.CraftTask.run(CraftTask.java:78)
	at org.bukkit.craftbukkit.scheduler.CraftAsyncTask.run(CraftAsyncTask.java:57)
	at com.destroystokyo.paper.ServerSchedulerReportingWrapper.run(ServerSchedulerReportingWrapper.java:22)
	at java.base/java.util.concurrent.ThreadPoolExecutor.runWorker(ThreadPoolExecutor.java:1144)
	at java.base/java.util.concurrent.ThreadPoolExecutor$Worker.run(ThreadPoolExecutor.java:642)
	at java.base/java.lang.Thread.run(Thread.java:1583)

[04-09 11:04:43]: [FINE] matrix_gamer95 logged in 127.0.0.1
[04-09 11:42:30]: [FINE] bumra registered 127.0.0.1
[04-09 11:42:30]: [FINE] The user bumra has 2 accounts:
[04-09 11:42:30]: [FINE] §7§amatrix_gamer95§7, §abumra§7.
[04-09 11:42:30]: [FINE] bumra logged in 127.0.0.1
[04-09 11:43:25]: [FINE] The user bumra has 2 accounts:
[04-09 11:43:25]: [FINE] §7§amatrix_gamer95§7, §abumra§7.
[04-09 11:43:25]: [FINE] bumra logged in 127.0.0.1
[04-09 11:46:44]: [FINE] The user bumra has 2 accounts:
[04-09 11:46:44]: [FINE] §7§amatrix_gamer95§7, §abumra§7.
[04-09 11:46:44]: [FINE] bumra logged in 127.0.0.1
[04-09 11:47:27]: [FINE] The user matrix_gamer95 has 2 accounts:
[04-09 11:47:27]: [FINE] §7§amatrix_gamer95§7, §abumra§7.
[04-09 11:47:27]: [FINE] matrix_gamer95 logged in 127.0.0.1
[04-09 11:56:32]: [FINE] The user bumra has 2 accounts:
[04-09 11:56:32]: [FINE] §7§amatrix_gamer95§7, §abumra§7.
[04-09 11:56:32]: [FINE] bumra logged in 127.0.0.1
[04-09 11:58:44]: [FINE] The user bumra has 2 accounts:
[04-09 11:58:44]: [FINE] §7§amatrix_gamer95§7, §abumra§7.
[04-09 11:58:44]: [FINE] bumra logged in 127.0.0.1
[04-09 12:05:20]: [FINE] The user matrix_gamer95 has 2 accounts:
[04-09 12:05:20]: [FINE] §7§amatrix_gamer95§7, bumra.
[04-09 12:05:20]: [FINE] matrix_gamer95 logged in 127.0.0.1
[04-10 03:55:57]: [INFO] SQLite Setup finished
[04-10 03:55:57]: [INFO] No supported permissions system found! Permissions are disabled!
[04-10 03:55:57]: [WARN] WARNING! The protectInventory feature requires ProtocolLib! Disabling it...
[04-10 03:55:57]: [INFO] AuthMe 5.6.0 build n.CUSTOM successfully enabled!
[04-10 03:56:02]: [INFO] Downloading GEO IP database, because the old database is older than 30 days or doesn't exist
[04-10 03:56:02]: [WARN] No MaxMind credentials found in the configuration file! GeoIp protections will be disabled.
[04-10 03:56:02]: [INFO] There is no newer GEO IP database uploaded to MaxMind. Using the old one for now.
[04-10 03:56:02]: [WARN] Could not download GeoLiteAPI database [FileNotFoundException]: plugins/AuthMe/GeoLite2-Country.mmdb (No such file or directory)
[04-10 03:56:02]: java.io.FileNotFoundException: plugins/AuthMe/GeoLite2-Country.mmdb (No such file or directory)
	at java.base/java.io.RandomAccessFile.open0(Native Method)
	at java.base/java.io.RandomAccessFile.open(RandomAccessFile.java:356)
	at java.base/java.io.RandomAccessFile.<init>(RandomAccessFile.java:273)
	at java.base/java.io.RandomAccessFile.<init>(RandomAccessFile.java:223)
	at AuthMe-5.6.0.jar//fr.xephi.authme.libs.com.maxmind.db.BufferHolder.<init>(BufferHolder.java:20)
	at AuthMe-5.6.0.jar//fr.xephi.authme.libs.com.maxmind.db.Reader.<init>(Reader.java:121)
	at AuthMe-5.6.0.jar//fr.xephi.authme.service.GeoIpService.startReading(GeoIpService.java:179)
	at AuthMe-5.6.0.jar//fr.xephi.authme.service.GeoIpService.updateDatabase(GeoIpService.java:150)
	at org.bukkit.craftbukkit.scheduler.CraftTask.run(CraftTask.java:78)
	at org.bukkit.craftbukkit.scheduler.CraftAsyncTask.run(CraftAsyncTask.java:57)
	at com.destroystokyo.paper.ServerSchedulerReportingWrapper.run(ServerSchedulerReportingWrapper.java:22)
	at java.base/java.util.concurrent.ThreadPoolExecutor.runWorker(ThreadPoolExecutor.java:1144)
	at java.base/java.util.concurrent.ThreadPoolExecutor$Worker.run(ThreadPoolExecutor.java:642)
	at java.base/java.lang.Thread.run(Thread.java:1583)

[04-10 03:56:58]: [INFO] AuthMe 5.6.0-bCUSTOM disabled!
[04-10 03:57:23]: [INFO] SQLite Setup finished
[04-10 03:57:23]: [INFO] No supported permissions system found! Permissions are disabled!
[04-10 03:57:23]: [WARN] WARNING! The protectInventory feature requires ProtocolLib! Disabling it...
[04-10 03:57:23]: [INFO] AuthMe 5.6.0 build n.CUSTOM successfully enabled!
[04-10 03:57:29]: [INFO] Downloading GEO IP database, because the old database is older than 30 days or doesn't exist
[04-10 03:57:29]: [WARN] No MaxMind credentials found in the configuration file! GeoIp protections will be disabled.
[04-10 03:57:29]: [INFO] There is no newer GEO IP database uploaded to MaxMind. Using the old one for now.
[04-10 03:57:29]: [WARN] Could not download GeoLiteAPI database [FileNotFoundException]: plugins/AuthMe/GeoLite2-Country.mmdb (No such file or directory)
[04-10 03:57:29]: java.io.FileNotFoundException: plugins/AuthMe/GeoLite2-Country.mmdb (No such file or directory)
	at java.base/java.io.RandomAccessFile.open0(Native Method)
	at java.base/java.io.RandomAccessFile.open(RandomAccessFile.java:356)
	at java.base/java.io.RandomAccessFile.<init>(RandomAccessFile.java:273)
	at java.base/java.io.RandomAccessFile.<init>(RandomAccessFile.java:223)
	at AuthMe-5.6.0.jar//fr.xephi.authme.libs.com.maxmind.db.BufferHolder.<init>(BufferHolder.java:20)
	at AuthMe-5.6.0.jar//fr.xephi.authme.libs.com.maxmind.db.Reader.<init>(Reader.java:121)
	at AuthMe-5.6.0.jar//fr.xephi.authme.service.GeoIpService.startReading(GeoIpService.java:179)
	at AuthMe-5.6.0.jar//fr.xephi.authme.service.GeoIpService.updateDatabase(GeoIpService.java:150)
	at org.bukkit.craftbukkit.scheduler.CraftTask.run(CraftTask.java:78)
	at org.bukkit.craftbukkit.scheduler.CraftAsyncTask.run(CraftAsyncTask.java:57)
	at com.destroystokyo.paper.ServerSchedulerReportingWrapper.run(ServerSchedulerReportingWrapper.java:22)
	at java.base/java.util.concurrent.ThreadPoolExecutor.runWorker(ThreadPoolExecutor.java:1144)
	at java.base/java.util.concurrent.ThreadPoolExecutor$Worker.run(ThreadPoolExecutor.java:642)
	at java.base/java.lang.Thread.run(Thread.java:1583)

[04-10 03:57:46]: [FINE] The user matrix_gamer95 has 2 accounts:
[04-10 03:57:46]: [FINE] §7§amatrix_gamer95§7, bumra.
[04-10 03:57:46]: [FINE] matrix_gamer95 logged in 127.0.0.1
