[03:57:05] [ServerMain/INFO]: [bootstrap] Running Java 21 (OpenJDK 64-Bit Server VM 21.0.6+7-LTS; Microsoft Microsoft-10800198) on Linux 6.8.0-1021-azure (amd64)
[03:57:05] [ServerMain/INFO]: [bootstrap] Loading Paper 1.21.4-224-main@0cf7315 (2025-04-07T12:01:39Z) for Minecraft 1.21.4
[03:57:05] [ServerMain/INFO]: [PluginInitializerManager] Initializing plugins...
[03:57:05] [Paper Plugin Remapper Thread - 2/INFO]: [PluginRemapper] Remapping plugin 'plugins/Clearlag.jar'...
[03:57:06] [Paper Plugin Remapper Thread - 2/INFO]: [PluginRemapper] Done remapping plugin 'plugins/Clearlag.jar' in 633ms.
[03:57:06] [ServerMain/INFO]: [PluginInitializerManager] Initialized 11 plugins
[03:57:06] [ServerMain/INFO]: [PluginInitializerManager] Bukkit plugins (11):
 - AuthMe (5.6.0-bCUSTOM), ClearLag (3.2.2), DHSupport (0.9.0-SNAPSHOT), GSit (2.3.0), Geyser-Spigot (2.7.0-SNAPSHOT), Terra (6.4.3-BETA+ab60f14ff), ViaBackwards (5.3.1), ViaVersion (5.3.1), getCustomItem (${project.version}), playit-gg (0.1.4), voicechat (2.5.27)
[03:57:10] [ServerMain/INFO]: Environment: Environment[sessionHost=https://sessionserver.mojang.com, servicesHost=https://api.minecraftservices.com, name=PROD]
[03:57:12] [ServerMain/INFO]: Loaded 1370 recipes
[03:57:12] [ServerMain/INFO]: Loaded 1481 advancements
[03:57:12] [ServerMain/INFO]: [MCTypeRegistry] Initialising converters for DataConverter...
[03:57:12] [ServerMain/INFO]: [MCTypeRegistry] Finished initialising converters for DataConverter in 236.7ms
[03:57:12] [Server thread/INFO]: Starting minecraft server version 1.21.4
[03:57:12] [Server thread/INFO]: Loading properties
[03:57:12] [Server thread/ERROR]: Failed to load help.yml. Verify the yaml indentation is correct. Reverting to default help.yml.
[03:57:12] [Server thread/INFO]: This server is running Paper version 1.21.4-224-main@0cf7315 (2025-04-07T12:01:39Z) (Implementing API version 1.21.4-R0.1-SNAPSHOT)
[03:57:12] [Server thread/INFO]: [spark] This server bundles the spark profiler. For more information please visit https://docs.papermc.io/paper/profiling
[03:57:13] [Server thread/INFO]: Server Ping Player Sample Count: 12
[03:57:13] [Server thread/INFO]: Using 4 threads for Netty based IO
[03:57:13] [Server thread/INFO]: [MoonriseCommon] Paper is using 1 worker threads, 1 I/O threads
[03:57:13] [Server thread/INFO]: [ChunkTaskScheduler] Chunk system is using population gen parallelism: true
[03:57:14] [Server thread/INFO]: Default game type: SURVIVAL
[03:57:14] [Server thread/INFO]: Generating keypair
[03:57:14] [Server thread/INFO]: Starting Minecraft server on *:25565
[03:57:14] [Server thread/INFO]: Using epoll channel type
[03:57:14] [Server thread/INFO]: Paper: Using libdeflate (Linux x86_64) compression from Velocity.
[03:57:14] [Server thread/INFO]: Paper: Using OpenSSL 1.1.x (Linux x86_64) cipher from Velocity.
[03:57:14] [Server thread/ERROR]: [ModernPluginLoadingStrategy] Could not load 'plugins/getCustomItem-Plugin-1.21.4.jar' in 'plugins'
org.bukkit.plugin.UnknownDependencyException: Unknown/missing dependency plugins: [WorldGuard]. Please download and install these plugins to run 'getCustomItem'.
	at io.papermc.paper.plugin.entrypoint.strategy.modern.ModernPluginLoadingStrategy.loadProviders(ModernPluginLoadingStrategy.java:82) ~[paper-1.21.4.jar:1.21.4-224-0cf7315]
	at io.papermc.paper.plugin.storage.SimpleProviderStorage.enter(SimpleProviderStorage.java:38) ~[paper-1.21.4.jar:1.21.4-224-0cf7315]
	at io.papermc.paper.plugin.entrypoint.LaunchEntryPointHandler.enter(LaunchEntryPointHandler.java:39) ~[paper-1.21.4.jar:1.21.4-224-0cf7315]
	at org.bukkit.craftbukkit.CraftServer.loadPlugins(CraftServer.java:563) ~[paper-1.21.4.jar:1.21.4-224-0cf7315]
	at net.minecraft.server.dedicated.DedicatedServer.initServer(DedicatedServer.java:277) ~[paper-1.21.4.jar:1.21.4-224-0cf7315]
	at net.minecraft.server.MinecraftServer.runServer(MinecraftServer.java:1163) ~[paper-1.21.4.jar:1.21.4-224-0cf7315]
	at net.minecraft.server.MinecraftServer.lambda$spin$2(MinecraftServer.java:310) ~[paper-1.21.4.jar:1.21.4-224-0cf7315]
	at java.base/java.lang.Thread.run(Thread.java:1583) ~[?:?]
[03:57:15] [Server thread/INFO]: [com.dfsek.terra.AbstractPlatform] Initializing Terra...
[03:57:15] [Server thread/INFO]: [com.dfsek.terra.AbstractPlatform] Loading config.yml
[03:57:15] [Server thread/INFO]: [com.dfsek.terra.config.PluginConfigImpl] Loading config values from config.yml
[03:57:15] [Server thread/INFO]: [com.dfsek.terra.AbstractPlatform] Loading 37 Terra addons:
        - biome-provider-extrusion@1.0.0-BETA+ab60f14ff
        - biome-provider-image@1.0.1-BETA+ab60f14ff
        - biome-provider-image-v2@1.0.1-BETA+ab60f14ff
        - biome-provider-pipeline@1.0.2-BETA+ab60f14ff
        - biome-provider-pipeline-v2@1.0.1-BETA+ab60f14ff
        - biome-provider-single@1.0.0-BETA+ab60f14ff
        - biome-query-api@1.0.0-BETA+ab60f14ff
        - chunk-generator-noise-3d@1.2.1-BETA+ab60f14ff
        - command-addons@1.0.0-BETA+ab60f14ff
        - command-packs@1.0.0-BETA+ab60f14ff
        - command-profiler@1.0.0-BETA+ab60f14ff
        - command-structures@1.0.0-BETA+ab60f14ff
        - config-biome@1.0.0-BETA+ab60f14ff
        - config-distributors@1.0.1-BETA+ab60f14ff
        - config-feature@1.0.0-BETA+ab60f14ff
        - config-flora@1.0.1-BETA+ab60f14ff
        - config-locators@1.1.1-BETA+ab60f14ff
        - config-noise-function@1.1.0-BETA+ab60f14ff
        - config-number-predicate@1.0.0-BETA+ab60f14ff
        - config-ore@1.1.1-BETA+ab60f14ff
        - config-palette@1.0.0-BETA+ab60f14ff
        - config-structure@1.0.1-BETA+ab60f14ff
        - generation-stage-feature@1.1.0-BETA+ab60f14ff
        - generation-stage-structure@1.0.0-BETA+ab60f14ff
        - language-yaml@1.0.0-BETA+ab60f14ff
        - library-image@1.1.0-BETA+ab60f14ff
        - locator-slant-noise-3d@1.0.0-BETA+ab60f14ff
        - palette-block-shortcut@1.0.0-BETA+ab60f14ff
        - pipeline-image@1.0.0-BETA+ab60f14ff
        - structure-block-shortcut@1.0.0-BETA+ab60f14ff
        - structure-function-check-noise-3d@1.0.1-BETA+ab60f14ff
        - structure-mutator@0.1.0-BETA+ab60f14ff
        - structure-sponge-loader@1.0.0-BETA+ab60f14ff
        - structure-terrascript-loader@1.2.0-BETA+ab60f14ff
        - terra@1.0.0
        - terra-bukkit@1.0.0
        - terrascript-function-sampler@1.0.0-BETA+ab60f14ff
[03:57:15] [Server thread/INFO]: [com.dfsek.terra.AbstractPlatform] Terra addons successfully loaded.
[03:57:15] [Server thread/INFO]: [com.dfsek.terra.AbstractPlatform] Finished initialization.
[03:57:15] [Server thread/INFO]: [ViaVersion] Loading server plugin ViaVersion v5.3.1
[03:57:15] [Server thread/INFO]: [ViaVersion] ViaVersion 5.3.1 is now loaded. Registering protocol transformers and injecting...
[03:57:16] [Via-Mappingloader-0/INFO]: [ViaVersion] Loading block connection mappings ...
[03:57:16] [Via-Mappingloader-0/INFO]: [ViaVersion] Using FastUtil Long2ObjectOpenHashMap for block connections
[03:57:16] [Server thread/INFO]: [ViaBackwards] Loading translations...
[03:57:16] [Server thread/INFO]: [ViaBackwards] Registering protocols...
[03:57:17] [Server thread/INFO]: [GSit] Loading server plugin GSit v2.3.0
[03:57:17] [Server thread/INFO]: [ViaBackwards] Loading server plugin ViaBackwards v5.3.1
[03:57:17] [Server thread/INFO]: [ClearLag] Loading server plugin ClearLag v3.2.2
[03:57:17] [Server thread/INFO]: [Geyser-Spigot] Loading server plugin Geyser-Spigot v2.7.0-SNAPSHOT
[03:57:18] [Server thread/INFO]: [Geyser-Spigot] Loading extensions...
[03:57:18] [Server thread/INFO]: [Geyser-Spigot] Loaded 0 extension(s)
[03:57:18] [Server thread/INFO]: [Terra] Loading server plugin Terra v6.4.3-BETA+ab60f14ff
[03:57:18] [Server thread/INFO]: [DHS] Loading server plugin DHSupport v0.9.0-SNAPSHOT
[03:57:18] [Server thread/INFO]: [playit-gg] Loading server plugin playit-gg v0.1.4
[03:57:18] [Server thread/INFO]: [voicechat] Loading server plugin voicechat v2.5.27
[03:57:18] [Server thread/INFO]: [AuthMe] Loading server plugin AuthMe v5.6.0-bCUSTOM
[03:57:18] [Server thread/ERROR]: Cannot load help.yml
org.bukkit.configuration.InvalidConfigurationException: Top level is not a Map.
	at org.bukkit.configuration.file.YamlConfiguration.loadFromString(YamlConfiguration.java:109) ~[paper-api-1.21.4-R0.1-SNAPSHOT.jar:?]
	at org.bukkit.configuration.file.FileConfiguration.load(FileConfiguration.java:160) ~[paper-api-1.21.4-R0.1-SNAPSHOT.jar:?]
	at org.bukkit.configuration.file.FileConfiguration.load(FileConfiguration.java:128) ~[paper-api-1.21.4-R0.1-SNAPSHOT.jar:?]
	at org.bukkit.configuration.file.YamlConfiguration.loadConfiguration(YamlConfiguration.java:310) ~[paper-api-1.21.4-R0.1-SNAPSHOT.jar:?]
	at org.bukkit.craftbukkit.help.HelpYamlReader.<init>(HelpYamlReader.java:32) ~[paper-1.21.4.jar:1.21.4-224-0cf7315]
	at org.bukkit.craftbukkit.help.SimpleHelpMap.initializeGeneralTopics(SimpleHelpMap.java:98) ~[paper-1.21.4.jar:1.21.4-224-0cf7315]
	at org.bukkit.craftbukkit.CraftServer.enablePlugins(CraftServer.java:598) ~[paper-1.21.4.jar:1.21.4-224-0cf7315]
	at net.minecraft.server.dedicated.DedicatedServer.initServer(DedicatedServer.java:278) ~[paper-1.21.4.jar:1.21.4-224-0cf7315]
	at net.minecraft.server.MinecraftServer.runServer(MinecraftServer.java:1163) ~[paper-1.21.4.jar:1.21.4-224-0cf7315]
	at net.minecraft.server.MinecraftServer.lambda$spin$2(MinecraftServer.java:310) ~[paper-1.21.4.jar:1.21.4-224-0cf7315]
	at java.base/java.lang.Thread.run(Thread.java:1583) ~[?:?]
[03:57:18] [Server thread/WARN]: Server permissions file permissions.yml is not valid YAML.
java.lang.ClassCastException: class java.lang.String cannot be cast to class java.util.Map (java.lang.String and java.util.Map are in module java.base of loader 'bootstrap')
	at org.bukkit.craftbukkit.CraftServer.loadCustomPermissions(CraftServer.java:1236) ~[paper-1.21.4.jar:1.21.4-224-0cf7315]
	at org.bukkit.craftbukkit.CraftServer.enablePlugins(CraftServer.java:599) ~[paper-1.21.4.jar:1.21.4-224-0cf7315]
	at net.minecraft.server.dedicated.DedicatedServer.initServer(DedicatedServer.java:278) ~[paper-1.21.4.jar:1.21.4-224-0cf7315]
	at net.minecraft.server.MinecraftServer.runServer(MinecraftServer.java:1163) ~[paper-1.21.4.jar:1.21.4-224-0cf7315]
	at net.minecraft.server.MinecraftServer.lambda$spin$2(MinecraftServer.java:310) ~[paper-1.21.4.jar:1.21.4-224-0cf7315]
	at java.base/java.lang.Thread.run(Thread.java:1583) ~[?:?]
[03:57:18] [Server thread/INFO]: [Terra] Enabling Terra v6.4.3-BETA+ab60f14ff
[03:57:18] [Server thread/ERROR]: [com.dfsek.terra.bukkit.util.VersionUtil] Error while parsing minecraft version info. Continuing launch, but setting all versions to -1.
[03:57:18] [Server thread/INFO]: [com.dfsek.terra.bukkit.TerraBukkitPlugin] Running on Minecraft version Unknown with server implementation Paper.
[03:57:18] [Server thread/INFO]: [com.dfsek.terra.AbstractPlatform] Loading config packs...
[03:57:18] [Server thread/INFO]: [com.dfsek.terra.registry.master.ConfigRegistry] Loading ZIP archive: default.zip
[03:57:18] [Server thread/INFO]: [com.dfsek.terra.config.pack.ConfigPackImpl] Loading config pack "OVERWORLD:OVERWORLD"
[03:57:20] [Server thread/INFO]: [com.dfsek.terra.config.pack.ConfigPackImpl] Loaded config pack "OVERWORLD:OVERWORLD" v1.3.4 by Astrash, Sancires, Aureus in 2179.877425ms.
[03:57:20] [Server thread/INFO]: [com.dfsek.terra.AbstractPlatform] Loaded packs.
[03:57:20] [Server thread/ERROR]: Error occurred while enabling Terra v6.4.3-BETA+ab60f14ff (Is it up to date?)
java.lang.ExceptionInInitializerError: null
	at Terra-bukkit-6.4.3-BETA+ab60f14ff-shaded.jar/com.dfsek.terra.bukkit.TerraBukkitPlugin.onEnable(TerraBukkitPlugin.java:68) ~[Terra-bukkit-6.4.3-BETA+ab60f14ff-shaded.jar:?]
	at org.bukkit.plugin.java.JavaPlugin.setEnabled(JavaPlugin.java:280) ~[paper-api-1.21.4-R0.1-SNAPSHOT.jar:?]
	at io.papermc.paper.plugin.manager.PaperPluginInstanceManager.enablePlugin(PaperPluginInstanceManager.java:202) ~[paper-1.21.4.jar:1.21.4-224-0cf7315]
	at io.papermc.paper.plugin.manager.PaperPluginManagerImpl.enablePlugin(PaperPluginManagerImpl.java:109) ~[paper-1.21.4.jar:1.21.4-224-0cf7315]
	at org.bukkit.plugin.SimplePluginManager.enablePlugin(SimplePluginManager.java:520) ~[paper-api-1.21.4-R0.1-SNAPSHOT.jar:?]
	at org.bukkit.craftbukkit.CraftServer.enablePlugin(CraftServer.java:657) ~[paper-1.21.4.jar:1.21.4-224-0cf7315]
	at org.bukkit.craftbukkit.CraftServer.enablePlugins(CraftServer.java:606) ~[paper-1.21.4.jar:1.21.4-224-0cf7315]
	at net.minecraft.server.dedicated.DedicatedServer.initServer(DedicatedServer.java:278) ~[paper-1.21.4.jar:1.21.4-224-0cf7315]
	at net.minecraft.server.MinecraftServer.runServer(MinecraftServer.java:1163) ~[paper-1.21.4.jar:1.21.4-224-0cf7315]
	at net.minecraft.server.MinecraftServer.lambda$spin$2(MinecraftServer.java:310) ~[paper-1.21.4.jar:1.21.4-224-0cf7315]
	at java.base/java.lang.Thread.run(Thread.java:1583) ~[?:?]
Caused by: java.lang.ArrayIndexOutOfBoundsException: Index 3 out of bounds for length 3
	at Terra-bukkit-6.4.3-BETA+ab60f14ff-shaded.jar/com.dfsek.terra.bukkit.nms.Initializer.<clinit>(Initializer.java:11) ~[Terra-bukkit-6.4.3-BETA+ab60f14ff-shaded.jar:?]
	... 11 more
[03:57:20] [Server thread/INFO]: [Terra] Disabling Terra v6.4.3-BETA+ab60f14ff
[03:57:20] [Server thread/WARN]: **** SERVER IS RUNNING IN OFFLINE/INSECURE MODE!
[03:57:20] [Server thread/WARN]: The server will make no attempt to authenticate usernames. Beware.
[03:57:20] [Server thread/WARN]: While this makes the game possible to play without internet access, it also opens up the ability for hackers to connect with any username they choose.
[03:57:20] [Server thread/WARN]: To change this, set "online-mode" to "true" in the server.properties file.
[03:57:20] [Server thread/INFO]: Preparing level "world"
[03:57:20] [Server thread/INFO]: Preparing start region for dimension minecraft:overworld
[03:57:21] [Server thread/INFO]: Preparing spawn area: 0%
[03:57:21] [Server thread/INFO]: Preparing spawn area: 0%
[03:57:21] [Server thread/INFO]: Time elapsed: 915 ms
[03:57:21] [Server thread/INFO]: Preparing start region for dimension minecraft:the_nether
[03:57:21] [Server thread/INFO]: Preparing spawn area: 0%
[03:57:22] [Server thread/INFO]: Time elapsed: 336 ms
[03:57:22] [Server thread/INFO]: Preparing start region for dimension minecraft:the_end
[03:57:22] [Server thread/INFO]: Preparing spawn area: 0%
[03:57:22] [Server thread/INFO]: Time elapsed: 130 ms
[03:57:22] [Server thread/INFO]: [ViaVersion] Enabling ViaVersion v5.3.1
[03:57:22] [Server thread/INFO]: [ViaVersion] ViaVersion detected server version: 1.21.4 (769)
[03:57:22] [Server thread/INFO]: [GSit] Enabling GSit v2.3.0
[03:57:22] [Server thread/INFO]: [GSit] The plugin was successfully enabled.
[03:57:22] [Server thread/INFO]: [ViaBackwards] Enabling ViaBackwards v5.3.1
[03:57:22] [Server thread/INFO]: [ClearLag] Enabling ClearLag v3.2.2
[03:57:22] [Server thread/INFO]: [ClearLag] Using version-adapter: LatestVersionAdapter
[03:57:22] [Server thread/INFO]: [ClearLag] Config not found. Generating default config...
[03:57:22] [Server thread/INFO]: [ClearLag] Loading modules...
[03:57:22] [Server thread/WARN]: [ClearLag] Clearlag failed to use the internal TPS tracker during initialization. Reverted to estimation... (Index 3 out of bounds for length 3)
[03:57:22] [Server thread/INFO]: [ClearLag] Modules enabed, loading config values
[03:57:22] [Server thread/INFO]: [ClearLag] Modules have been loaded!
[03:57:22] [Server thread/INFO]: [ClearLag] Clearlag is now enabled!
[03:57:22] [Thread-7/WARN]: [ClearLag] Clearlag failed to check for updates - bukkit may be down
[03:57:22] [Thread-7/WARN]: java.lang.ArrayIndexOutOfBoundsException: Index 3 out of bounds for length 3
[03:57:22] [Thread-7/WARN]: 	at Clearlag.jar//me.minebuilders.clearlag.Util.getBukkitVersion(Util.java:105)
[03:57:22] [Server thread/INFO]: [Geyser-Spigot] Enabling Geyser-Spigot v2.7.0-SNAPSHOT
[03:57:22] [Thread-7/WARN]: 	at Clearlag.jar//me.minebuilders.clearlag.BukkitUpdater.updateAvailable(BukkitUpdater.java:32)
[03:57:22] [Thread-7/WARN]: 	at Clearlag.jar//me.minebuilders.clearlag.BukkitUpdater.run(BukkitUpdater.java:82)
[03:57:22] [Thread-7/WARN]: 	at java.base/java.lang.Thread.run(Thread.java:1583)
[03:57:23] [Server thread/INFO]: [DHS] Enabling DHSupport v0.9.0-SNAPSHOT
[03:57:23] [Server thread/INFO]: [DHS] I am DHS 0.9.0-SNAPSHOT for MC 1.21.4.
[03:57:23] [Server thread/INFO]: [DHS] Using Paper scheduler.
[03:57:23] [Server thread/INFO]: [DHS] Ready!
[03:57:23] [Server thread/INFO]: [playit-gg] Enabling playit-gg v0.1.4
[03:57:23] [Thread-8/INFO]: [gg.playit.minecraft.PlayitKeysSetup] secret key found, checking
[03:57:23] [Thread-8/INFO]: [gg.playit.minecraft.PlayitKeysSetup] check secret
[03:57:23] [Server thread/INFO]: [voicechat] Enabling voicechat v2.5.27
[03:57:23] [Server thread/INFO]: [voicechat] Initializing compatibility for Bukkit version 1.21.4-R0.1
[03:57:23] [Server thread/INFO]: [voicechat] Compatibility version 18
[03:57:23] [Server thread/INFO]: [voicechat] Successfully initialized commodore command completion
[03:57:23] [Server thread/INFO]: [voicechat] Successfully added ViaVersion mappings
[03:57:23] [Server thread/INFO]: [AuthMe] Enabling AuthMe v5.6.0-bCUSTOM
[03:57:23] [Server thread/INFO]: [AuthMe] SQLite Setup finished
[03:57:23] [Server thread/INFO]: [AuthMe] No supported permissions system found! Permissions are disabled!
[03:57:23] [Server thread/WARN]: [AuthMe] WARNING! The protectInventory feature requires ProtocolLib! Disabling it...
[03:57:23] [Server thread/INFO]: [AuthMe] AuthMe 5.6.0 build n.CUSTOM successfully enabled!
[03:57:24] [Server thread/INFO]: [spark] Starting background profiler...
[03:57:24] [Server thread/INFO]: [Geyser-Spigot] ******************************************
[03:57:24] [Server thread/INFO]: [Geyser-Spigot] 
[03:57:24] [Server thread/INFO]: [Geyser-Spigot] Loading Geyser version 2.7.0-b803 (git-master-6fe38af)
[03:57:24] [Server thread/INFO]: [Geyser-Spigot] 
[03:57:24] [Server thread/INFO]: [Geyser-Spigot] ******************************************
[03:57:24] [Thread-8/INFO]: [gg.playit.minecraft.PlayitKeysSetup] found minecraft java tunnel: round-sms.joinmc.link
[03:57:24] [Thread-8/INFO]: [gg.playit.minecraft.PlayitManager] keys and tunnel setup
[03:57:24] [Thread-8/INFO]: playit.gg: WARNING: email associated with playit.gg account is not verified
[03:57:24] [Thread-8/INFO]: playit.gg: tunnel setup
[03:57:24] [Thread-8/INFO]: playit.gg: round-sms.joinmc.link
[03:57:24] [Thread-8/WARN]: [gg.playit.control.ChannelSetup] Got IO error working with :control.playit.gg/2602:fbaf:840:0:0:0:0:1, error : java.net.SocketException: Network is unreachable
[03:57:24] [Thread-8/INFO]: [gg.playit.control.ChannelSetup] request queued, waiting 1 second before resend
[03:57:29] [epollEventLoopGroup-4-1/INFO]: [Geyser-Spigot] Started Geyser on UDP port 19132
[03:57:29] [Server thread/INFO]: [Geyser-Spigot] Done (4.611s)! Run /geyser help for help!
[03:57:29] [Server thread/INFO]: Done preparing level "world" (8.723s)
[03:57:29] [Server thread/INFO]: Running delayed init tasks
[03:57:29] [Server thread/INFO]: Done (24.996s)! For help, type "help"
[03:57:29] [Craft Scheduler Thread - 2 - ViaVersion/INFO]: [ViaVersion] Finished mapping loading, shutting down loader executor.
[03:57:29] [Craft Scheduler Thread - 0 - AuthMe/INFO]: [AuthMe] Downloading GEO IP database, because the old database is older than 30 days or doesn't exist
[03:57:29] [Craft Scheduler Thread - 0 - AuthMe/WARN]: [AuthMe] No MaxMind credentials found in the configuration file! GeoIp protections will be disabled.
[03:57:29] [Craft Scheduler Thread - 0 - AuthMe/INFO]: [AuthMe] There is no newer GEO IP database uploaded to MaxMind. Using the old one for now.
[03:57:29] [Craft Scheduler Thread - 0 - AuthMe/WARN]: [AuthMe] Could not download GeoLiteAPI database [FileNotFoundException]: plugins/AuthMe/GeoLite2-Country.mmdb (No such file or directory)
[03:57:29] [Server thread/INFO]: [voicechat] Loading plugins
[03:57:29] [Server thread/INFO]: [voicechat] Loaded 0 plugin(s)
[03:57:29] [Server thread/INFO]: [voicechat] Initializing plugins
[03:57:29] [Server thread/INFO]: [voicechat] Initialized 0 plugin(s)
[03:57:29] [Server thread/WARN]: [voicechat] Running in offline mode - Voice chat encryption is not secure!
[03:57:29] [VoiceChatServerThread/INFO]: [voicechat] Voice chat server started at port 24454
[03:57:30] [Thread-8/INFO]: [gg.playit.minecraft.PlayitManager] got new client: NewClient{connectAddr=147.185.221.194:49128, peerAddr=38.137.18.111:43695, claimAddress=209.25.143.2:43784, claimToken=[44, 0, 60, -109, -71, -35, -62, -65, -24, 38, -119, 18, 111, -86, -81, -116, -23, -46, 112, -85, 8, 103, -9, 65, -86, 0, 0, 0, 0, 0, 18, 75, 91, 0, 0, 0, 0, 0, 66, 50, 12, 7, 112, -85, 8, 0, 0, 0, 0, 33, 0, 0, 0, 0, 0, 0, 0, 1, 0, 1, -4, 54, 120, 120, 53, 26, 120, 12, 113, -123, -109, -120, -5, 62, -125, 50], tunnelServerId=1, dataCenterId=33}
[03:57:30] [Thread-8/INFO]: [gg.playit.minecraft.PlayitManager] starting tcp tunnel for client
[03:57:30] [Thread-8/INFO]: [gg.playit.minecraft.PlayitTcpTunnel] start connection to /209.25.143.2:43784 to claim client
[03:57:30] [nioEventLoopGroup-2-1/INFO]: [gg.playit.minecraft.PlayitTcpTunnel] connected to tunnel server, sending claim token
[03:57:30] [nioEventLoopGroup-2-1/INFO]: [gg.playit.minecraft.PlayitTcpTunnel] claim token sent
[03:57:30] [nioEventLoopGroup-2-1/INFO]: [gg.playit.minecraft.PlayitTcpTunnel] connection to tunnel server has been established
[03:57:30] [nioEventLoopGroup-2-1/INFO]: [gg.playit.minecraft.PlayitTcpTunnel] Reflect: ReflectionHelper{ServerConnection=class net.minecraft.server.network.ServerConnectionListener, LegacyPingHandler=class net.minecraft.server.network.LegacyQueryHandler, MinecraftServer=class net.minecraft.server.MinecraftServer, PacketSplitter=class net.minecraft.network.Varint21FrameDecoder, PacketDecoder=class net.minecraft.network.PacketDecoder, EnumProtocolDirection=class net.minecraft.network.protocol.PacketFlow, PacketPrepender=class net.minecraft.network.Varint21LengthFieldPrepender, PacketEncoder=class net.minecraft.network.PacketEncoder, NetworkManagerServer=class net.minecraft.network.RateKickingConnection, NetworkManager=class net.minecraft.network.Connection, HandshakeListener=class net.minecraft.server.network.ServerHandshakePacketListenerImpl, PacketListener=interface net.minecraft.network.PacketListener, CraftServer=class org.bukkit.craftbukkit.CraftServer}
[03:57:30] [nioEventLoopGroup-2-1/INFO]: [gg.playit.minecraft.PlayitTcpTunnel] legacyPingHandler is null
[03:57:30] [nioEventLoopGroup-2-1/INFO]: [gg.playit.minecraft.PlayitTcpTunnel] connecting to minecraft server at localhost/127.0.0.1:25565
[03:57:30] [nioEventLoopGroup-2-2/INFO]: [gg.playit.minecraft.PlayitTcpTunnel] connected to local minecraft server
[03:57:31] [Thread-8/INFO]: [gg.playit.minecraft.PlayitManager] got new client: NewClient{connectAddr=147.185.221.194:49128, peerAddr=38.137.18.111:43796, claimAddress=209.25.143.2:43784, claimToken=[44, 0, 60, -109, -71, -35, -62, -65, -24, 38, -119, 18, 111, -85, 20, 126, 86, 60, 36, -85, 8, 103, -9, 65, -85, 0, 0, 0, 0, 0, 18, 75, 91, 0, 0, 0, 0, 0, 66, 50, 12, -69, 36, -85, 8, 0, 0, 0, 0, 33, 0, 0, 0, 0, 0, 0, 0, 1, 0, 1, -37, -49, 4, -87, -30, -62, -5, 65, 8, -97, -119, -54, -39, -77, 120, -126], tunnelServerId=1, dataCenterId=33}
[03:57:31] [Thread-8/INFO]: [gg.playit.minecraft.PlayitManager] starting tcp tunnel for client
[03:57:31] [Thread-8/INFO]: [gg.playit.minecraft.PlayitTcpTunnel] start connection to /209.25.143.2:43784 to claim client
[03:57:31] [nioEventLoopGroup-2-3/INFO]: [gg.playit.minecraft.PlayitTcpTunnel] connected to tunnel server, sending claim token
[03:57:31] [nioEventLoopGroup-2-3/INFO]: [gg.playit.minecraft.PlayitTcpTunnel] claim token sent
[03:57:31] [nioEventLoopGroup-2-3/INFO]: [gg.playit.minecraft.PlayitTcpTunnel] connection to tunnel server has been established
[03:57:31] [nioEventLoopGroup-2-3/INFO]: [gg.playit.minecraft.PlayitTcpTunnel] Reflect: ReflectionHelper{ServerConnection=class net.minecraft.server.network.ServerConnectionListener, LegacyPingHandler=class net.minecraft.server.network.LegacyQueryHandler, MinecraftServer=class net.minecraft.server.MinecraftServer, PacketSplitter=class net.minecraft.network.Varint21FrameDecoder, PacketDecoder=class net.minecraft.network.PacketDecoder, EnumProtocolDirection=class net.minecraft.network.protocol.PacketFlow, PacketPrepender=class net.minecraft.network.Varint21LengthFieldPrepender, PacketEncoder=class net.minecraft.network.PacketEncoder, NetworkManagerServer=class net.minecraft.network.RateKickingConnection, NetworkManager=class net.minecraft.network.Connection, HandshakeListener=class net.minecraft.server.network.ServerHandshakePacketListenerImpl, PacketListener=interface net.minecraft.network.PacketListener, CraftServer=class org.bukkit.craftbukkit.CraftServer}
[03:57:31] [nioEventLoopGroup-2-3/INFO]: [gg.playit.minecraft.PlayitTcpTunnel] legacyPingHandler is null
[03:57:31] [nioEventLoopGroup-2-3/INFO]: [gg.playit.minecraft.PlayitTcpTunnel] connecting to minecraft server at localhost/127.0.0.1:25565
[03:57:31] [nioEventLoopGroup-2-4/INFO]: [gg.playit.minecraft.PlayitTcpTunnel] connected to local minecraft server
[03:57:31] [nioEventLoopGroup-2-1/WARN]: [gg.playit.minecraft.PlayitTcpTunnel] failed to send data to tunnel
[03:57:33] [Thread-8/INFO]: [gg.playit.minecraft.PlayitManager] got new client: NewClient{connectAddr=147.185.221.194:49128, peerAddr=38.137.18.111:43914, claimAddress=209.25.143.2:43784, claimToken=[44, 0, 60, -109, -71, -35, -62, -65, -24, 38, -119, 18, 111, -85, -118, 29, 3, -119, -83, -85, 8, 103, -9, 65, -83, 0, 0, 0, 0, 0, 18, 75, 91, 0, 0, 0, 0, 0, 66, 50, 12, 66, -83, -85, 8, 0, 0, 0, 0, 33, 0, 0, 0, 0, 0, 0, 0, 1, 0, 1, 41, -125, 27, -41, -46, -117, -34, 64, -117, 25, 6, 99, 110, -35, -88, 74], tunnelServerId=1, dataCenterId=33}
[03:57:33] [Thread-8/INFO]: [gg.playit.minecraft.PlayitManager] starting tcp tunnel for client
[03:57:33] [Thread-8/INFO]: [gg.playit.minecraft.PlayitTcpTunnel] start connection to /209.25.143.2:43784 to claim client
[03:57:33] [nioEventLoopGroup-2-1/INFO]: [gg.playit.minecraft.PlayitTcpTunnel] connected to tunnel server, sending claim token
[03:57:33] [nioEventLoopGroup-2-1/INFO]: [gg.playit.minecraft.PlayitTcpTunnel] claim token sent
[03:57:33] [nioEventLoopGroup-2-1/INFO]: [gg.playit.minecraft.PlayitTcpTunnel] connection to tunnel server has been established
[03:57:33] [nioEventLoopGroup-2-1/INFO]: [gg.playit.minecraft.PlayitTcpTunnel] Reflect: ReflectionHelper{ServerConnection=class net.minecraft.server.network.ServerConnectionListener, LegacyPingHandler=class net.minecraft.server.network.LegacyQueryHandler, MinecraftServer=class net.minecraft.server.MinecraftServer, PacketSplitter=class net.minecraft.network.Varint21FrameDecoder, PacketDecoder=class net.minecraft.network.PacketDecoder, EnumProtocolDirection=class net.minecraft.network.protocol.PacketFlow, PacketPrepender=class net.minecraft.network.Varint21LengthFieldPrepender, PacketEncoder=class net.minecraft.network.PacketEncoder, NetworkManagerServer=class net.minecraft.network.RateKickingConnection, NetworkManager=class net.minecraft.network.Connection, HandshakeListener=class net.minecraft.server.network.ServerHandshakePacketListenerImpl, PacketListener=interface net.minecraft.network.PacketListener, CraftServer=class org.bukkit.craftbukkit.CraftServer}
[03:57:33] [nioEventLoopGroup-2-1/INFO]: [gg.playit.minecraft.PlayitTcpTunnel] legacyPingHandler is null
[03:57:33] [nioEventLoopGroup-2-1/INFO]: [gg.playit.minecraft.PlayitTcpTunnel] connecting to minecraft server at localhost/127.0.0.1:25565
[03:57:33] [nioEventLoopGroup-2-2/INFO]: [gg.playit.minecraft.PlayitTcpTunnel] connected to local minecraft server
[03:57:34] [User Authenticator #0/INFO]: UUID of player matrix_gamer95 is 34a9313e-39d0-3932-b9a9-0546a9da44d4
[03:57:34] [Server thread/INFO]: matrix_gamer95 joined the game
[03:57:34] [Server thread/INFO]: matrix_gamer95[/127.0.0.1:47116] logged in with entity id 167 at ([world]312.0050930484679, 79.5, -126.3538449084823)
[03:57:46] [Craft Scheduler Thread - 3 - AuthMe/INFO]: [AuthMe] The user matrix_gamer95 has 2 accounts:
[03:57:46] [Craft Scheduler Thread - 3 - AuthMe/INFO]: [AuthMe] §7§amatrix_gamer95§7, bumra.
[03:57:46] [Craft Scheduler Thread - 3 - AuthMe/INFO]: [AuthMe] matrix_gamer95 logged in 127.0.0.1
[03:58:30] [Server thread/INFO]: matrix_gamer95 issued server command: /clearlag:lagg matrix_gamer95
[03:59:42] [Server thread/INFO]: matrix_gamer95 issued server command: /give matrix_gamer95 minecraft:golden_boots
[03:59:42] [Server thread/INFO]: [matrix_gamer95: Gave 1 [Golden Boots] to matrix_gamer95]
[04:01:25] [Thread-8/INFO]: [gg.playit.control.ChannelSetup] send keep alive
[04:02:37] [Server thread/INFO]: matrix_gamer95 issued server command: /give matrix_gamer95 minecraft:blast_furnace 2
[04:02:37] [Server thread/INFO]: [matrix_gamer95: Gave 2 [Blast Furnace] to matrix_gamer95]
[04:02:58] [Server thread/INFO]: matrix_gamer95 issued server command: /give matrix_gamer95 minecraft:smoker 2
[04:02:58] [Server thread/INFO]: [matrix_gamer95: Gave 2 [Smoker] to matrix_gamer95]
[04:05:25] [Thread-8/INFO]: [gg.playit.control.ChannelSetup] send keep alive
[04:05:45] [Server thread/INFO]: matrix_gamer95 lost connection: Timed out
[04:05:45] [Server thread/INFO]: [voicechat] Disconnecting client matrix_gamer95
[04:05:45] [Server thread/INFO]: matrix_gamer95 left the game
[04:09:26] [Thread-8/INFO]: [gg.playit.control.ChannelSetup] send keep alive
[04:11:54] [Thread-8/INFO]: [gg.playit.minecraft.PlayitManager] got new client: NewClient{connectAddr=[2602:fbaf:080c:0001:0000:0000:0000:00c2]:49128, peerAddr=[2001:19f0:6402:08f2:5400:05ff:fe0c:67c3]:40592, claimAddress=209.25.143.2:43786, claimToken=[64, 0, 88, 38, 2, -5, -81, 8, 12, 0, 1, 0, 0, 0, 0, 0, 0, 0, -62, -65, -24, 32, 1, 25, -16, 100, 2, 8, -14, 84, 0, 5, -1, -2, 12, 103, -61, -98, -112, 0, 0, 0, 0, 58, -56, 38, -100, -85, 10, 103, -9, 69, 10, 0, 0, 0, 0, 0, 18, 75, 91, 0, 0, 0, 0, 0, 66, 50, 12, 10, -100, -85, 10, 0, 0, 0, 0, 44, 0, 0, 0, 0, 0, 0, 0, 1, 0, 3, -48, 110, 127, 72, -102, -72, 44, 120, 80, -17, 100, -91, 21, 14, -123, -63], tunnelServerId=1, dataCenterId=44}
[04:11:54] [Thread-8/INFO]: [gg.playit.minecraft.PlayitManager] starting tcp tunnel for client
[04:11:54] [Thread-8/INFO]: [gg.playit.minecraft.PlayitTcpTunnel] start connection to /209.25.143.2:43786 to claim client
[04:11:54] [Thread-8/INFO]: [gg.playit.minecraft.PlayitManager] got new client: NewClient{connectAddr=147.185.221.194:49128, peerAddr=216.128.138.102:51908, claimAddress=209.25.143.2:43786, claimToken=[44, 0, 60, -109, -71, -35, -62, -65, -24, -40, -128, -118, 102, -54, -60, -42, -75, 47, -126, -85, 10, 103, -9, 69, 10, 0, 0, 0, 0, 0, 18, 75, 91, 0, 0, 0, 0, 0, 66, 50, 12, 23, -126, -85, 10, 0, 0, 0, 0, 44, 0, 0, 0, 0, 0, 0, 0, 1, 0, 1, -126, 43, -128, -115, -91, -53, 19, -22, 22, 122, 9, -98, 30, 101, 112, 105], tunnelServerId=1, dataCenterId=44}
[04:11:54] [Thread-8/INFO]: [gg.playit.minecraft.PlayitManager] starting tcp tunnel for client
[04:11:54] [Thread-8/INFO]: [gg.playit.minecraft.PlayitTcpTunnel] start connection to /209.25.143.2:43786 to claim client
[04:11:54] [nioEventLoopGroup-2-4/INFO]: [gg.playit.minecraft.PlayitTcpTunnel] connected to tunnel server, sending claim token
[04:11:54] [nioEventLoopGroup-2-4/INFO]: [gg.playit.minecraft.PlayitTcpTunnel] claim token sent
[04:11:54] [nioEventLoopGroup-2-3/INFO]: [gg.playit.minecraft.PlayitTcpTunnel] connected to tunnel server, sending claim token
[04:11:54] [nioEventLoopGroup-2-3/INFO]: [gg.playit.minecraft.PlayitTcpTunnel] claim token sent
[04:11:54] [nioEventLoopGroup-2-4/INFO]: [gg.playit.minecraft.PlayitTcpTunnel] connection to tunnel server has been established
[04:11:54] [nioEventLoopGroup-2-4/INFO]: [gg.playit.minecraft.PlayitTcpTunnel] Reflect: ReflectionHelper{ServerConnection=class net.minecraft.server.network.ServerConnectionListener, LegacyPingHandler=class net.minecraft.server.network.LegacyQueryHandler, MinecraftServer=class net.minecraft.server.MinecraftServer, PacketSplitter=class net.minecraft.network.Varint21FrameDecoder, PacketDecoder=class net.minecraft.network.PacketDecoder, EnumProtocolDirection=class net.minecraft.network.protocol.PacketFlow, PacketPrepender=class net.minecraft.network.Varint21LengthFieldPrepender, PacketEncoder=class net.minecraft.network.PacketEncoder, NetworkManagerServer=class net.minecraft.network.RateKickingConnection, NetworkManager=class net.minecraft.network.Connection, HandshakeListener=class net.minecraft.server.network.ServerHandshakePacketListenerImpl, PacketListener=interface net.minecraft.network.PacketListener, CraftServer=class org.bukkit.craftbukkit.CraftServer}
[04:11:54] [nioEventLoopGroup-2-4/INFO]: [gg.playit.minecraft.PlayitTcpTunnel] legacyPingHandler is null
[04:11:54] [nioEventLoopGroup-2-4/INFO]: [gg.playit.minecraft.PlayitTcpTunnel] connecting to minecraft server at localhost/127.0.0.1:25565
[04:11:54] [nioEventLoopGroup-2-1/INFO]: [gg.playit.minecraft.PlayitTcpTunnel] connected to local minecraft server
[04:11:54] [nioEventLoopGroup-2-3/INFO]: [gg.playit.minecraft.PlayitTcpTunnel] connection to tunnel server has been established
[04:11:54] [nioEventLoopGroup-2-3/INFO]: [gg.playit.minecraft.PlayitTcpTunnel] Reflect: ReflectionHelper{ServerConnection=class net.minecraft.server.network.ServerConnectionListener, LegacyPingHandler=class net.minecraft.server.network.LegacyQueryHandler, MinecraftServer=class net.minecraft.server.MinecraftServer, PacketSplitter=class net.minecraft.network.Varint21FrameDecoder, PacketDecoder=class net.minecraft.network.PacketDecoder, EnumProtocolDirection=class net.minecraft.network.protocol.PacketFlow, PacketPrepender=class net.minecraft.network.Varint21LengthFieldPrepender, PacketEncoder=class net.minecraft.network.PacketEncoder, NetworkManagerServer=class net.minecraft.network.RateKickingConnection, NetworkManager=class net.minecraft.network.Connection, HandshakeListener=class net.minecraft.server.network.ServerHandshakePacketListenerImpl, PacketListener=interface net.minecraft.network.PacketListener, CraftServer=class org.bukkit.craftbukkit.CraftServer}
[04:11:54] [nioEventLoopGroup-2-3/INFO]: [gg.playit.minecraft.PlayitTcpTunnel] legacyPingHandler is null
[04:11:54] [nioEventLoopGroup-2-3/INFO]: [gg.playit.minecraft.PlayitTcpTunnel] connecting to minecraft server at localhost/127.0.0.1:25565
[04:11:54] [nioEventLoopGroup-2-2/INFO]: [gg.playit.minecraft.PlayitTcpTunnel] connected to local minecraft server
[04:11:55] [Thread-8/INFO]: [gg.playit.minecraft.PlayitManager] got new client: NewClient{connectAddr=147.185.221.194:49128, peerAddr=216.128.138.102:50118, claimAddress=209.25.143.2:43786, claimToken=[44, 0, 60, -109, -71, -35, -62, -65, -24, -40, -128, -118, 102, -61, -58, 81, -76, -19, 90, -85, 10, 103, -9, 69, 11, 0, 0, 0, 0, 0, 18, 75, 91, 0, 0, 0, 0, 0, 66, 50, 12, 67, 90, -85, 10, 0, 0, 0, 0, 44, 0, 0, 0, 0, 0, 0, 0, 1, 0, 3, -1, 125, 76, 91, -57, 12, 9, 102, -71, 8, -15, 113, 72, -30, -100, 118], tunnelServerId=1, dataCenterId=44}
[04:11:55] [Thread-8/INFO]: [gg.playit.minecraft.PlayitManager] starting tcp tunnel for client
[04:11:55] [Thread-8/INFO]: [gg.playit.minecraft.PlayitTcpTunnel] start connection to /209.25.143.2:43786 to claim client
[04:11:55] [nioEventLoopGroup-2-3/INFO]: [gg.playit.minecraft.PlayitTcpTunnel] connected to tunnel server, sending claim token
[04:11:55] [nioEventLoopGroup-2-3/INFO]: [gg.playit.minecraft.PlayitTcpTunnel] claim token sent
[04:11:55] [nioEventLoopGroup-2-3/INFO]: [gg.playit.minecraft.PlayitTcpTunnel] connection to tunnel server has been established
[04:11:55] [nioEventLoopGroup-2-3/INFO]: [gg.playit.minecraft.PlayitTcpTunnel] Reflect: ReflectionHelper{ServerConnection=class net.minecraft.server.network.ServerConnectionListener, LegacyPingHandler=class net.minecraft.server.network.LegacyQueryHandler, MinecraftServer=class net.minecraft.server.MinecraftServer, PacketSplitter=class net.minecraft.network.Varint21FrameDecoder, PacketDecoder=class net.minecraft.network.PacketDecoder, EnumProtocolDirection=class net.minecraft.network.protocol.PacketFlow, PacketPrepender=class net.minecraft.network.Varint21LengthFieldPrepender, PacketEncoder=class net.minecraft.network.PacketEncoder, NetworkManagerServer=class net.minecraft.network.RateKickingConnection, NetworkManager=class net.minecraft.network.Connection, HandshakeListener=class net.minecraft.server.network.ServerHandshakePacketListenerImpl, PacketListener=interface net.minecraft.network.PacketListener, CraftServer=class org.bukkit.craftbukkit.CraftServer}
[04:11:55] [nioEventLoopGroup-2-3/INFO]: [gg.playit.minecraft.PlayitTcpTunnel] legacyPingHandler is null
[04:11:55] [nioEventLoopGroup-2-3/INFO]: [gg.playit.minecraft.PlayitTcpTunnel] connecting to minecraft server at localhost/127.0.0.1:25565
[04:11:55] [nioEventLoopGroup-2-4/INFO]: [gg.playit.minecraft.PlayitTcpTunnel] connected to local minecraft server
[04:11:56] [Thread-8/INFO]: [gg.playit.minecraft.PlayitManager] got new client: NewClient{connectAddr=147.185.221.194:49128, peerAddr=216.128.138.102:50132, claimAddress=209.25.143.2:43786, claimToken=[44, 0, 60, -109, -71, -35, -62, -65, -24, -40, -128, -118, 102, -61, -44, -64, -28, -23, 36, -85, 10, 103, -9, 69, 11, 0, 0, 0, 0, 0, 18, 75, 91, 0, 0, 0, 0, 0, 66, 50, 12, 2, 36, -85, 10, 0, 0, 0, 0, 44, 0, 0, 0, 0, 0, 0, 0, 1, 0, 3, 101, 126, -80, 110, -96, -35, -72, -21, -37, 60, 48, -75, 26, 35, 113, -127], tunnelServerId=1, dataCenterId=44}
[04:11:56] [Thread-8/INFO]: [gg.playit.minecraft.PlayitManager] starting tcp tunnel for client
[04:11:56] [Thread-8/INFO]: [gg.playit.minecraft.PlayitTcpTunnel] start connection to /209.25.143.2:43786 to claim client
[04:11:56] [nioEventLoopGroup-2-1/INFO]: [gg.playit.minecraft.PlayitTcpTunnel] connected to tunnel server, sending claim token
[04:11:56] [nioEventLoopGroup-2-1/INFO]: [gg.playit.minecraft.PlayitTcpTunnel] claim token sent
[04:11:56] [nioEventLoopGroup-2-1/INFO]: [gg.playit.minecraft.PlayitTcpTunnel] connection to tunnel server has been established
[04:11:56] [nioEventLoopGroup-2-1/INFO]: [gg.playit.minecraft.PlayitTcpTunnel] Reflect: ReflectionHelper{ServerConnection=class net.minecraft.server.network.ServerConnectionListener, LegacyPingHandler=class net.minecraft.server.network.LegacyQueryHandler, MinecraftServer=class net.minecraft.server.MinecraftServer, PacketSplitter=class net.minecraft.network.Varint21FrameDecoder, PacketDecoder=class net.minecraft.network.PacketDecoder, EnumProtocolDirection=class net.minecraft.network.protocol.PacketFlow, PacketPrepender=class net.minecraft.network.Varint21LengthFieldPrepender, PacketEncoder=class net.minecraft.network.PacketEncoder, NetworkManagerServer=class net.minecraft.network.RateKickingConnection, NetworkManager=class net.minecraft.network.Connection, HandshakeListener=class net.minecraft.server.network.ServerHandshakePacketListenerImpl, PacketListener=interface net.minecraft.network.PacketListener, CraftServer=class org.bukkit.craftbukkit.CraftServer}
[04:11:56] [nioEventLoopGroup-2-1/INFO]: [gg.playit.minecraft.PlayitTcpTunnel] legacyPingHandler is null
[04:11:56] [nioEventLoopGroup-2-1/INFO]: [gg.playit.minecraft.PlayitTcpTunnel] connecting to minecraft server at localhost/127.0.0.1:25565
[04:11:56] [nioEventLoopGroup-2-2/INFO]: [gg.playit.minecraft.PlayitTcpTunnel] connected to local minecraft server
[04:11:56] [Thread-8/INFO]: [gg.playit.minecraft.PlayitManager] got new client: NewClient{connectAddr=147.185.221.194:49128, peerAddr=216.128.138.102:50148, claimAddress=209.25.143.2:43786, claimToken=[44, 0, 60, -109, -71, -35, -62, -65, -24, -40, -128, -118, 102, -61, -28, -4, 30, -91, -2, -85, 10, 103, -9, 69, 12, 0, 0, 0, 0, 0, 18, 75, 91, 0, 0, 0, 0, 0, 66, 50, 12, 45, -2, -85, 10, 0, 0, 0, 0, 44, 0, 0, 0, 0, 0, 0, 0, 1, 0, 3, -55, 114, 97, -12, 78, 33, 98, -11, -89, 116, 75, -90, 60, 125, -1, 87], tunnelServerId=1, dataCenterId=44}
[04:11:56] [Thread-8/INFO]: [gg.playit.minecraft.PlayitManager] starting tcp tunnel for client
[04:11:56] [Thread-8/INFO]: [gg.playit.minecraft.PlayitTcpTunnel] start connection to /209.25.143.2:43786 to claim client
[04:11:56] [nioEventLoopGroup-2-3/INFO]: [gg.playit.minecraft.PlayitTcpTunnel] connected to tunnel server, sending claim token
[04:11:56] [nioEventLoopGroup-2-3/INFO]: [gg.playit.minecraft.PlayitTcpTunnel] claim token sent
[04:11:56] [nioEventLoopGroup-2-3/INFO]: [gg.playit.minecraft.PlayitTcpTunnel] connection to tunnel server has been established
[04:11:56] [nioEventLoopGroup-2-3/INFO]: [gg.playit.minecraft.PlayitTcpTunnel] Reflect: ReflectionHelper{ServerConnection=class net.minecraft.server.network.ServerConnectionListener, LegacyPingHandler=class net.minecraft.server.network.LegacyQueryHandler, MinecraftServer=class net.minecraft.server.MinecraftServer, PacketSplitter=class net.minecraft.network.Varint21FrameDecoder, PacketDecoder=class net.minecraft.network.PacketDecoder, EnumProtocolDirection=class net.minecraft.network.protocol.PacketFlow, PacketPrepender=class net.minecraft.network.Varint21LengthFieldPrepender, PacketEncoder=class net.minecraft.network.PacketEncoder, NetworkManagerServer=class net.minecraft.network.RateKickingConnection, NetworkManager=class net.minecraft.network.Connection, HandshakeListener=class net.minecraft.server.network.ServerHandshakePacketListenerImpl, PacketListener=interface net.minecraft.network.PacketListener, CraftServer=class org.bukkit.craftbukkit.CraftServer}
[04:11:56] [nioEventLoopGroup-2-3/INFO]: [gg.playit.minecraft.PlayitTcpTunnel] legacyPingHandler is null
[04:11:56] [nioEventLoopGroup-2-3/INFO]: [gg.playit.minecraft.PlayitTcpTunnel] connecting to minecraft server at localhost/127.0.0.1:25565
[04:11:56] [nioEventLoopGroup-2-4/INFO]: [gg.playit.minecraft.PlayitTcpTunnel] connected to local minecraft server
[04:11:57] [Thread-8/INFO]: [gg.playit.minecraft.PlayitManager] got new client: NewClient{connectAddr=[2602:fbaf:080c:0001:0000:0000:0000:00c2]:49128, peerAddr=[2001:19f0:6402:08f2:5400:05ff:fe0c:67c3]:59370, claimAddress=209.25.143.2:43786, claimToken=[64, 0, 88, 38, 2, -5, -81, 8, 12, 0, 1, 0, 0, 0, 0, 0, 0, 0, -62, -65, -24, 32, 1, 25, -16, 100, 2, 8, -14, 84, 0, 5, -1, -2, 12, 103, -61, -25, -22, 0, 0, 0, 0, -44, 24, 62, 2, -85, 10, 103, -9, 69, 13, 0, 0, 0, 0, 0, 18, 75, 91, 0, 0, 0, 0, 0, 66, 50, 12, -40, 2, -85, 10, 0, 0, 0, 0, 44, 0, 0, 0, 0, 0, 0, 0, 1, 0, 3, -18, 2, -110, 37, 82, -35, 90, -87, -24, 69, 30, -10, -60, 28, 1, -25], tunnelServerId=1, dataCenterId=44}
[04:11:57] [Thread-8/INFO]: [gg.playit.minecraft.PlayitManager] starting tcp tunnel for client
[04:11:57] [Thread-8/INFO]: [gg.playit.minecraft.PlayitTcpTunnel] start connection to /209.25.143.2:43786 to claim client
[04:11:57] [nioEventLoopGroup-2-1/INFO]: [gg.playit.minecraft.PlayitTcpTunnel] connected to tunnel server, sending claim token
[04:11:57] [nioEventLoopGroup-2-1/INFO]: [gg.playit.minecraft.PlayitTcpTunnel] claim token sent
[04:11:57] [nioEventLoopGroup-2-1/INFO]: [gg.playit.minecraft.PlayitTcpTunnel] connection to tunnel server has been established
[04:11:57] [nioEventLoopGroup-2-1/INFO]: [gg.playit.minecraft.PlayitTcpTunnel] Reflect: ReflectionHelper{ServerConnection=class net.minecraft.server.network.ServerConnectionListener, LegacyPingHandler=class net.minecraft.server.network.LegacyQueryHandler, MinecraftServer=class net.minecraft.server.MinecraftServer, PacketSplitter=class net.minecraft.network.Varint21FrameDecoder, PacketDecoder=class net.minecraft.network.PacketDecoder, EnumProtocolDirection=class net.minecraft.network.protocol.PacketFlow, PacketPrepender=class net.minecraft.network.Varint21LengthFieldPrepender, PacketEncoder=class net.minecraft.network.PacketEncoder, NetworkManagerServer=class net.minecraft.network.RateKickingConnection, NetworkManager=class net.minecraft.network.Connection, HandshakeListener=class net.minecraft.server.network.ServerHandshakePacketListenerImpl, PacketListener=interface net.minecraft.network.PacketListener, CraftServer=class org.bukkit.craftbukkit.CraftServer}
[04:11:57] [nioEventLoopGroup-2-1/INFO]: [gg.playit.minecraft.PlayitTcpTunnel] legacyPingHandler is null
[04:11:57] [nioEventLoopGroup-2-1/INFO]: [gg.playit.minecraft.PlayitTcpTunnel] connecting to minecraft server at localhost/127.0.0.1:25565
[04:11:57] [nioEventLoopGroup-2-2/INFO]: [gg.playit.minecraft.PlayitTcpTunnel] connected to local minecraft server
[04:11:58] [Thread-8/INFO]: [gg.playit.minecraft.PlayitManager] got new client: NewClient{connectAddr=[2602:fbaf:080c:0001:0000:0000:0000:00c2]:49128, peerAddr=[2001:19f0:6402:08f2:5400:05ff:fe0c:67c3]:59376, claimAddress=209.25.143.2:43786, claimToken=[64, 0, 88, 38, 2, -5, -81, 8, 12, 0, 1, 0, 0, 0, 0, 0, 0, 0, -62, -65, -24, 32, 1, 25, -16, 100, 2, 8, -14, 84, 0, 5, -1, -2, 12, 103, -61, -25, -16, 0, 0, 0, 0, -117, 0, -60, 53, -85, 10, 103, -9, 69, 14, 0, 0, 0, 0, 0, 18, 75, 91, 0, 0, 0, 0, 0, 66, 50, 12, 3, 53, -85, 10, 0, 0, 0, 0, 44, 0, 0, 0, 0, 0, 0, 0, 1, 0, 4, -121, -18, 23, 10, 51, -80, -9, 114, -13, 69, 66, -73, -127, -121, -38, -41], tunnelServerId=1, dataCenterId=44}
[04:11:58] [Thread-8/INFO]: [gg.playit.minecraft.PlayitManager] starting tcp tunnel for client
[04:11:58] [Thread-8/INFO]: [gg.playit.minecraft.PlayitTcpTunnel] start connection to /209.25.143.2:43786 to claim client
[04:11:58] [nioEventLoopGroup-2-3/INFO]: [gg.playit.minecraft.PlayitTcpTunnel] connected to tunnel server, sending claim token
[04:11:58] [nioEventLoopGroup-2-3/INFO]: [gg.playit.minecraft.PlayitTcpTunnel] claim token sent
[04:11:58] [nioEventLoopGroup-2-3/INFO]: [gg.playit.minecraft.PlayitTcpTunnel] connection to tunnel server has been established
[04:11:58] [nioEventLoopGroup-2-3/INFO]: [gg.playit.minecraft.PlayitTcpTunnel] Reflect: ReflectionHelper{ServerConnection=class net.minecraft.server.network.ServerConnectionListener, LegacyPingHandler=class net.minecraft.server.network.LegacyQueryHandler, MinecraftServer=class net.minecraft.server.MinecraftServer, PacketSplitter=class net.minecraft.network.Varint21FrameDecoder, PacketDecoder=class net.minecraft.network.PacketDecoder, EnumProtocolDirection=class net.minecraft.network.protocol.PacketFlow, PacketPrepender=class net.minecraft.network.Varint21LengthFieldPrepender, PacketEncoder=class net.minecraft.network.PacketEncoder, NetworkManagerServer=class net.minecraft.network.RateKickingConnection, NetworkManager=class net.minecraft.network.Connection, HandshakeListener=class net.minecraft.server.network.ServerHandshakePacketListenerImpl, PacketListener=interface net.minecraft.network.PacketListener, CraftServer=class org.bukkit.craftbukkit.CraftServer}
[04:11:58] [nioEventLoopGroup-2-3/INFO]: [gg.playit.minecraft.PlayitTcpTunnel] legacyPingHandler is null
[04:11:58] [nioEventLoopGroup-2-3/INFO]: [gg.playit.minecraft.PlayitTcpTunnel] connecting to minecraft server at localhost/127.0.0.1:25565
[04:11:58] [nioEventLoopGroup-2-4/INFO]: [gg.playit.minecraft.PlayitTcpTunnel] connected to local minecraft server
[04:11:59] [Thread-8/INFO]: [gg.playit.minecraft.PlayitManager] got new client: NewClient{connectAddr=147.185.221.194:49128, peerAddr=216.128.138.102:50168, claimAddress=209.25.143.2:43786, claimToken=[44, 0, 60, -109, -71, -35, -62, -65, -24, -40, -128, -118, 102, -61, -8, 120, 122, -116, 55, -85, 10, 103, -9, 69, 15, 0, 0, 0, 0, 0, 18, 75, 91, 0, 0, 0, 0, 0, 66, 50, 12, -108, 55, -85, 10, 0, 0, 0, 0, 44, 0, 0, 0, 0, 0, 0, 0, 1, 0, 4, -94, 1, 54, 53, 80, 59, 91, -2, -80, -118, 117, -79, -57, -48, 27, -81], tunnelServerId=1, dataCenterId=44}
[04:11:59] [Thread-8/INFO]: [gg.playit.minecraft.PlayitManager] starting tcp tunnel for client
[04:11:59] [Thread-8/INFO]: [gg.playit.minecraft.PlayitTcpTunnel] start connection to /209.25.143.2:43786 to claim client
[04:11:59] [nioEventLoopGroup-2-1/INFO]: [gg.playit.minecraft.PlayitTcpTunnel] connected to tunnel server, sending claim token
[04:11:59] [nioEventLoopGroup-2-1/INFO]: [gg.playit.minecraft.PlayitTcpTunnel] claim token sent
[04:11:59] [nioEventLoopGroup-2-1/INFO]: [gg.playit.minecraft.PlayitTcpTunnel] connection to tunnel server has been established
[04:11:59] [nioEventLoopGroup-2-1/INFO]: [gg.playit.minecraft.PlayitTcpTunnel] Reflect: ReflectionHelper{ServerConnection=class net.minecraft.server.network.ServerConnectionListener, LegacyPingHandler=class net.minecraft.server.network.LegacyQueryHandler, MinecraftServer=class net.minecraft.server.MinecraftServer, PacketSplitter=class net.minecraft.network.Varint21FrameDecoder, PacketDecoder=class net.minecraft.network.PacketDecoder, EnumProtocolDirection=class net.minecraft.network.protocol.PacketFlow, PacketPrepender=class net.minecraft.network.Varint21LengthFieldPrepender, PacketEncoder=class net.minecraft.network.PacketEncoder, NetworkManagerServer=class net.minecraft.network.RateKickingConnection, NetworkManager=class net.minecraft.network.Connection, HandshakeListener=class net.minecraft.server.network.ServerHandshakePacketListenerImpl, PacketListener=interface net.minecraft.network.PacketListener, CraftServer=class org.bukkit.craftbukkit.CraftServer}
[04:11:59] [nioEventLoopGroup-2-1/INFO]: [gg.playit.minecraft.PlayitTcpTunnel] legacyPingHandler is null
[04:11:59] [nioEventLoopGroup-2-1/INFO]: [gg.playit.minecraft.PlayitTcpTunnel] connecting to minecraft server at localhost/127.0.0.1:25565
[04:11:59] [nioEventLoopGroup-2-2/INFO]: [gg.playit.minecraft.PlayitTcpTunnel] connected to local minecraft server
[04:11:59] [Thread-8/INFO]: [gg.playit.minecraft.PlayitManager] got new client: NewClient{connectAddr=147.185.221.194:49128, peerAddr=216.128.138.102:50180, claimAddress=209.25.143.2:43786, claimToken=[44, 0, 60, -109, -71, -35, -62, -65, -24, -40, -128, -118, 102, -60, 4, 7, -125, 115, 104, -85, 10, 103, -9, 69, 15, 0, 0, 0, 0, 0, 18, 75, 91, 0, 0, 0, 0, 0, 66, 50, 12, -56, 104, -85, 10, 0, 0, 0, 0, 44, 0, 0, 0, 0, 0, 0, 0, 1, 0, 1, -71, 50, -110, -124, 55, 123, -53, -6, 125, -115, -53, 82, -41, 85, -89, 107], tunnelServerId=1, dataCenterId=44}
[04:11:59] [Thread-8/INFO]: [gg.playit.minecraft.PlayitManager] starting tcp tunnel for client
[04:11:59] [Thread-8/INFO]: [gg.playit.minecraft.PlayitTcpTunnel] start connection to /209.25.143.2:43786 to claim client
[04:11:59] [nioEventLoopGroup-2-3/INFO]: [gg.playit.minecraft.PlayitTcpTunnel] connected to tunnel server, sending claim token
[04:11:59] [nioEventLoopGroup-2-3/INFO]: [gg.playit.minecraft.PlayitTcpTunnel] claim token sent
[04:11:59] [nioEventLoopGroup-2-3/INFO]: [gg.playit.minecraft.PlayitTcpTunnel] connection to tunnel server has been established
[04:11:59] [nioEventLoopGroup-2-3/INFO]: [gg.playit.minecraft.PlayitTcpTunnel] Reflect: ReflectionHelper{ServerConnection=class net.minecraft.server.network.ServerConnectionListener, LegacyPingHandler=class net.minecraft.server.network.LegacyQueryHandler, MinecraftServer=class net.minecraft.server.MinecraftServer, PacketSplitter=class net.minecraft.network.Varint21FrameDecoder, PacketDecoder=class net.minecraft.network.PacketDecoder, EnumProtocolDirection=class net.minecraft.network.protocol.PacketFlow, PacketPrepender=class net.minecraft.network.Varint21LengthFieldPrepender, PacketEncoder=class net.minecraft.network.PacketEncoder, NetworkManagerServer=class net.minecraft.network.RateKickingConnection, NetworkManager=class net.minecraft.network.Connection, HandshakeListener=class net.minecraft.server.network.ServerHandshakePacketListenerImpl, PacketListener=interface net.minecraft.network.PacketListener, CraftServer=class org.bukkit.craftbukkit.CraftServer}
[04:11:59] [nioEventLoopGroup-2-3/INFO]: [gg.playit.minecraft.PlayitTcpTunnel] legacyPingHandler is null
[04:11:59] [nioEventLoopGroup-2-3/INFO]: [gg.playit.minecraft.PlayitTcpTunnel] connecting to minecraft server at localhost/127.0.0.1:25565
[04:11:59] [nioEventLoopGroup-2-4/INFO]: [gg.playit.minecraft.PlayitTcpTunnel] connected to local minecraft server
[04:12:00] [Thread-8/INFO]: [gg.playit.minecraft.PlayitManager] got new client: NewClient{connectAddr=147.185.221.194:49128, peerAddr=216.128.138.102:50194, claimAddress=209.25.143.2:43786, claimToken=[44, 0, 60, -109, -71, -35, -62, -65, -24, -40, -128, -118, 102, -60, 18, -34, 16, 122, -20, -85, 10, 103, -9, 69, 16, 0, 0, 0, 0, 0, 18, 75, 91, 0, 0, 0, 0, 0, 66, 50, 12, -123, -20, -85, 10, 0, 0, 0, 0, 44, 0, 0, 0, 0, 0, 0, 0, 1, 0, 1, 67, -89, 57, -17, 55, 109, 57, -124, 67, 84, 67, 49, -27, -74, 106, 47], tunnelServerId=1, dataCenterId=44}
[04:12:00] [Thread-8/INFO]: [gg.playit.minecraft.PlayitManager] starting tcp tunnel for client
[04:12:00] [Thread-8/INFO]: [gg.playit.minecraft.PlayitTcpTunnel] start connection to /209.25.143.2:43786 to claim client
[04:12:00] [nioEventLoopGroup-2-1/INFO]: [gg.playit.minecraft.PlayitTcpTunnel] connected to tunnel server, sending claim token
[04:12:00] [nioEventLoopGroup-2-1/INFO]: [gg.playit.minecraft.PlayitTcpTunnel] claim token sent
[04:12:00] [nioEventLoopGroup-2-1/INFO]: [gg.playit.minecraft.PlayitTcpTunnel] connection to tunnel server has been established
[04:12:00] [nioEventLoopGroup-2-1/INFO]: [gg.playit.minecraft.PlayitTcpTunnel] Reflect: ReflectionHelper{ServerConnection=class net.minecraft.server.network.ServerConnectionListener, LegacyPingHandler=class net.minecraft.server.network.LegacyQueryHandler, MinecraftServer=class net.minecraft.server.MinecraftServer, PacketSplitter=class net.minecraft.network.Varint21FrameDecoder, PacketDecoder=class net.minecraft.network.PacketDecoder, EnumProtocolDirection=class net.minecraft.network.protocol.PacketFlow, PacketPrepender=class net.minecraft.network.Varint21LengthFieldPrepender, PacketEncoder=class net.minecraft.network.PacketEncoder, NetworkManagerServer=class net.minecraft.network.RateKickingConnection, NetworkManager=class net.minecraft.network.Connection, HandshakeListener=class net.minecraft.server.network.ServerHandshakePacketListenerImpl, PacketListener=interface net.minecraft.network.PacketListener, CraftServer=class org.bukkit.craftbukkit.CraftServer}
[04:12:00] [nioEventLoopGroup-2-1/INFO]: [gg.playit.minecraft.PlayitTcpTunnel] legacyPingHandler is null
[04:12:00] [nioEventLoopGroup-2-1/INFO]: [gg.playit.minecraft.PlayitTcpTunnel] connecting to minecraft server at localhost/127.0.0.1:25565
[04:12:00] [nioEventLoopGroup-2-2/INFO]: [gg.playit.minecraft.PlayitTcpTunnel] connected to local minecraft server
[04:12:00] [Thread-8/INFO]: [gg.playit.minecraft.PlayitManager] got new client: NewClient{connectAddr=[2602:fbaf:080c:0001:0000:0000:0000:00c2]:49128, peerAddr=[2001:19f0:6402:08f2:5400:05ff:fe0c:67c3]:59392, claimAddress=209.25.143.2:43786, claimToken=[64, 0, 88, 38, 2, -5, -81, 8, 12, 0, 1, 0, 0, 0, 0, 0, 0, 0, -62, -65, -24, 32, 1, 25, -16, 100, 2, 8, -14, 84, 0, 5, -1, -2, 12, 103, -61, -24, 0, 0, 0, 0, 0, -35, 81, 40, -24, -85, 10, 103, -9, 69, 16, 0, 0, 0, 0, 0, 18, 75, 91, 0, 0, 0, 0, 0, 66, 50, 12, 24, -24, -85, 10, 0, 0, 0, 0, 44, 0, 0, 0, 0, 0, 0, 0, 1, 0, 2, -24, -71, -72, -114, 55, -19, 22, 96, 50, 3, 7, -109, 24, 3, 63, 19], tunnelServerId=1, dataCenterId=44}
[04:12:00] [Thread-8/INFO]: [gg.playit.minecraft.PlayitManager] starting tcp tunnel for client
[04:12:00] [Thread-8/INFO]: [gg.playit.minecraft.PlayitTcpTunnel] start connection to /209.25.143.2:43786 to claim client
[04:12:00] [nioEventLoopGroup-2-3/INFO]: [gg.playit.minecraft.PlayitTcpTunnel] connected to tunnel server, sending claim token
[04:12:00] [nioEventLoopGroup-2-3/INFO]: [gg.playit.minecraft.PlayitTcpTunnel] claim token sent
[04:12:00] [nioEventLoopGroup-2-3/INFO]: [gg.playit.minecraft.PlayitTcpTunnel] connection to tunnel server has been established
[04:12:00] [nioEventLoopGroup-2-3/INFO]: [gg.playit.minecraft.PlayitTcpTunnel] Reflect: ReflectionHelper{ServerConnection=class net.minecraft.server.network.ServerConnectionListener, LegacyPingHandler=class net.minecraft.server.network.LegacyQueryHandler, MinecraftServer=class net.minecraft.server.MinecraftServer, PacketSplitter=class net.minecraft.network.Varint21FrameDecoder, PacketDecoder=class net.minecraft.network.PacketDecoder, EnumProtocolDirection=class net.minecraft.network.protocol.PacketFlow, PacketPrepender=class net.minecraft.network.Varint21LengthFieldPrepender, PacketEncoder=class net.minecraft.network.PacketEncoder, NetworkManagerServer=class net.minecraft.network.RateKickingConnection, NetworkManager=class net.minecraft.network.Connection, HandshakeListener=class net.minecraft.server.network.ServerHandshakePacketListenerImpl, PacketListener=interface net.minecraft.network.PacketListener, CraftServer=class org.bukkit.craftbukkit.CraftServer}
[04:12:00] [nioEventLoopGroup-2-3/INFO]: [gg.playit.minecraft.PlayitTcpTunnel] legacyPingHandler is null
[04:12:00] [nioEventLoopGroup-2-3/INFO]: [gg.playit.minecraft.PlayitTcpTunnel] connecting to minecraft server at localhost/127.0.0.1:25565
[04:12:00] [nioEventLoopGroup-2-4/INFO]: [gg.playit.minecraft.PlayitTcpTunnel] connected to local minecraft server
[04:12:14] [Thread-8/INFO]: [gg.playit.minecraft.PlayitManager] got new client: NewClient{connectAddr=147.185.221.194:49128, peerAddr=216.128.138.102:45558, claimAddress=209.25.143.2:43786, claimToken=[44, 0, 60, -109, -71, -35, -62, -65, -24, -40, -128, -118, 102, -79, -10, 96, 119, 12, -14, -85, 10, 103, -9, 69, 30, 0, 0, 0, 0, 0, 18, 75, 91, 0, 0, 0, 0, 0, 66, 50, 12, -41, -14, -85, 10, 0, 0, 0, 0, 44, 0, 0, 0, 0, 0, 0, 0, 1, 0, 1, 86, 102, -49, 64, -54, 114, -39, -68, 43, -88, 13, 61, 15, 28, -84, -75], tunnelServerId=1, dataCenterId=44}
[04:12:14] [Thread-8/INFO]: [gg.playit.minecraft.PlayitManager] starting tcp tunnel for client
[04:12:14] [Thread-8/INFO]: [gg.playit.minecraft.PlayitTcpTunnel] start connection to /209.25.143.2:43786 to claim client
[04:12:14] [nioEventLoopGroup-2-1/INFO]: [gg.playit.minecraft.PlayitTcpTunnel] connected to tunnel server, sending claim token
[04:12:14] [nioEventLoopGroup-2-1/INFO]: [gg.playit.minecraft.PlayitTcpTunnel] claim token sent
[04:12:14] [nioEventLoopGroup-2-1/INFO]: [gg.playit.minecraft.PlayitTcpTunnel] connection to tunnel server has been established
[04:12:14] [nioEventLoopGroup-2-1/INFO]: [gg.playit.minecraft.PlayitTcpTunnel] Reflect: ReflectionHelper{ServerConnection=class net.minecraft.server.network.ServerConnectionListener, LegacyPingHandler=class net.minecraft.server.network.LegacyQueryHandler, MinecraftServer=class net.minecraft.server.MinecraftServer, PacketSplitter=class net.minecraft.network.Varint21FrameDecoder, PacketDecoder=class net.minecraft.network.PacketDecoder, EnumProtocolDirection=class net.minecraft.network.protocol.PacketFlow, PacketPrepender=class net.minecraft.network.Varint21LengthFieldPrepender, PacketEncoder=class net.minecraft.network.PacketEncoder, NetworkManagerServer=class net.minecraft.network.RateKickingConnection, NetworkManager=class net.minecraft.network.Connection, HandshakeListener=class net.minecraft.server.network.ServerHandshakePacketListenerImpl, PacketListener=interface net.minecraft.network.PacketListener, CraftServer=class org.bukkit.craftbukkit.CraftServer}
[04:12:14] [nioEventLoopGroup-2-1/INFO]: [gg.playit.minecraft.PlayitTcpTunnel] legacyPingHandler is null
[04:12:14] [nioEventLoopGroup-2-1/INFO]: [gg.playit.minecraft.PlayitTcpTunnel] connecting to minecraft server at localhost/127.0.0.1:25565
[04:12:14] [nioEventLoopGroup-2-2/INFO]: [gg.playit.minecraft.PlayitTcpTunnel] connected to local minecraft server
[04:12:17] [Thread-8/INFO]: [gg.playit.minecraft.PlayitManager] got new client: NewClient{connectAddr=147.185.221.194:49128, peerAddr=216.128.138.102:56732, claimAddress=209.25.143.2:43786, claimToken=[44, 0, 60, -109, -71, -35, -62, -65, -24, -40, -128, -118, 102, -35, -100, 40, 8, 74, -19, -85, 10, 103, -9, 69, 33, 0, 0, 0, 0, 0, 18, 75, 91, 0, 0, 0, 0, 0, 66, 50, 12, -101, -19, -85, 10, 0, 0, 0, 0, 44, 0, 0, 0, 0, 0, 0, 0, 1, 0, 1, 84, 106, 66, -128, -91, 69, 73, -14, 61, 12, 66, 41, 127, -111, -114, -63], tunnelServerId=1, dataCenterId=44}
[04:12:17] [Thread-8/INFO]: [gg.playit.minecraft.PlayitManager] starting tcp tunnel for client
[04:12:17] [Thread-8/INFO]: [gg.playit.minecraft.PlayitTcpTunnel] start connection to /209.25.143.2:43786 to claim client
[04:12:17] [nioEventLoopGroup-2-3/INFO]: [gg.playit.minecraft.PlayitTcpTunnel] connected to tunnel server, sending claim token
[04:12:17] [nioEventLoopGroup-2-3/INFO]: [gg.playit.minecraft.PlayitTcpTunnel] claim token sent
[04:12:17] [nioEventLoopGroup-2-3/INFO]: [gg.playit.minecraft.PlayitTcpTunnel] connection to tunnel server has been established
[04:12:17] [nioEventLoopGroup-2-3/INFO]: [gg.playit.minecraft.PlayitTcpTunnel] Reflect: ReflectionHelper{ServerConnection=class net.minecraft.server.network.ServerConnectionListener, LegacyPingHandler=class net.minecraft.server.network.LegacyQueryHandler, MinecraftServer=class net.minecraft.server.MinecraftServer, PacketSplitter=class net.minecraft.network.Varint21FrameDecoder, PacketDecoder=class net.minecraft.network.PacketDecoder, EnumProtocolDirection=class net.minecraft.network.protocol.PacketFlow, PacketPrepender=class net.minecraft.network.Varint21LengthFieldPrepender, PacketEncoder=class net.minecraft.network.PacketEncoder, NetworkManagerServer=class net.minecraft.network.RateKickingConnection, NetworkManager=class net.minecraft.network.Connection, HandshakeListener=class net.minecraft.server.network.ServerHandshakePacketListenerImpl, PacketListener=interface net.minecraft.network.PacketListener, CraftServer=class org.bukkit.craftbukkit.CraftServer}
[04:12:17] [nioEventLoopGroup-2-3/INFO]: [gg.playit.minecraft.PlayitTcpTunnel] legacyPingHandler is null
[04:12:17] [nioEventLoopGroup-2-3/INFO]: [gg.playit.minecraft.PlayitTcpTunnel] connecting to minecraft server at localhost/127.0.0.1:25565
[04:12:17] [nioEventLoopGroup-2-4/INFO]: [gg.playit.minecraft.PlayitTcpTunnel] connected to local minecraft server
[04:12:20] [Thread-8/INFO]: [gg.playit.minecraft.PlayitManager] got new client: NewClient{connectAddr=[2602:fbaf:080c:0001:0000:0000:0000:00c2]:49128, peerAddr=[2001:19f0:6402:08f2:5400:05ff:fe0c:67c3]:49330, claimAddress=209.25.143.2:43786, claimToken=[64, 0, 88, 38, 2, -5, -81, 8, 12, 0, 1, 0, 0, 0, 0, 0, 0, 0, -62, -65, -24, 32, 1, 25, -16, 100, 2, 8, -14, 84, 0, 5, -1, -2, 12, 103, -61, -64, -78, 0, 0, 0, 0, 65, -81, -6, 119, -85, 10, 103, -9, 69, 36, 0, 0, 0, 0, 0, 18, 75, 91, 0, 0, 0, 0, 0, 66, 50, 12, -44, 119, -85, 10, 0, 0, 0, 0, 44, 0, 0, 0, 0, 0, 0, 0, 1, 0, 1, 32, -90, 45, 77, 76, -25, -6, -8, -64, -119, 56, 103, -78, -104, 11, 41], tunnelServerId=1, dataCenterId=44}
[04:12:20] [Thread-8/INFO]: [gg.playit.minecraft.PlayitManager] starting tcp tunnel for client
[04:12:20] [Thread-8/INFO]: [gg.playit.minecraft.PlayitTcpTunnel] start connection to /209.25.143.2:43786 to claim client
[04:12:20] [nioEventLoopGroup-2-1/INFO]: [gg.playit.minecraft.PlayitTcpTunnel] connected to tunnel server, sending claim token
[04:12:20] [nioEventLoopGroup-2-1/INFO]: [gg.playit.minecraft.PlayitTcpTunnel] claim token sent
[04:12:20] [nioEventLoopGroup-2-1/INFO]: [gg.playit.minecraft.PlayitTcpTunnel] connection to tunnel server has been established
[04:12:20] [nioEventLoopGroup-2-1/INFO]: [gg.playit.minecraft.PlayitTcpTunnel] Reflect: ReflectionHelper{ServerConnection=class net.minecraft.server.network.ServerConnectionListener, LegacyPingHandler=class net.minecraft.server.network.LegacyQueryHandler, MinecraftServer=class net.minecraft.server.MinecraftServer, PacketSplitter=class net.minecraft.network.Varint21FrameDecoder, PacketDecoder=class net.minecraft.network.PacketDecoder, EnumProtocolDirection=class net.minecraft.network.protocol.PacketFlow, PacketPrepender=class net.minecraft.network.Varint21LengthFieldPrepender, PacketEncoder=class net.minecraft.network.PacketEncoder, NetworkManagerServer=class net.minecraft.network.RateKickingConnection, NetworkManager=class net.minecraft.network.Connection, HandshakeListener=class net.minecraft.server.network.ServerHandshakePacketListenerImpl, PacketListener=interface net.minecraft.network.PacketListener, CraftServer=class org.bukkit.craftbukkit.CraftServer}
[04:12:20] [nioEventLoopGroup-2-1/INFO]: [gg.playit.minecraft.PlayitTcpTunnel] legacyPingHandler is null
[04:12:20] [nioEventLoopGroup-2-1/INFO]: [gg.playit.minecraft.PlayitTcpTunnel] connecting to minecraft server at localhost/127.0.0.1:25565
[04:12:20] [nioEventLoopGroup-2-2/INFO]: [gg.playit.minecraft.PlayitTcpTunnel] connected to local minecraft server
[04:12:20] [Thread-8/INFO]: [gg.playit.minecraft.PlayitManager] got new client: NewClient{connectAddr=[2602:fbaf:080c:0001:0000:0000:0000:00c2]:49128, peerAddr=[2001:19f0:6402:08f2:5400:05ff:fe0c:67c3]:49340, claimAddress=209.25.143.2:43786, claimToken=[64, 0, 88, 38, 2, -5, -81, 8, 12, 0, 1, 0, 0, 0, 0, 0, 0, 0, -62, -65, -24, 32, 1, 25, -16, 100, 2, 8, -14, 84, 0, 5, -1, -2, 12, 103, -61, -64, -68, 0, 0, 0, 0, 114, 61, 82, 2, -85, 10, 103, -9, 69, 36, 0, 0, 0, 0, 0, 18, 75, 91, 0, 0, 0, 0, 0, 66, 50, 12, -61, 2, -85, 10, 0, 0, 0, 0, 44, 0, 0, 0, 0, 0, 0, 0, 1, 0, 3, 68, 94, 50, 51, -114, 124, 103, -89, 0, -34, 108, -49, 119, -119, 14, 110], tunnelServerId=1, dataCenterId=44}
[04:12:20] [Thread-8/INFO]: [gg.playit.minecraft.PlayitManager] starting tcp tunnel for client
[04:12:20] [Thread-8/INFO]: [gg.playit.minecraft.PlayitTcpTunnel] start connection to /209.25.143.2:43786 to claim client
[04:12:20] [nioEventLoopGroup-2-3/INFO]: [gg.playit.minecraft.PlayitTcpTunnel] connected to tunnel server, sending claim token
[04:12:20] [nioEventLoopGroup-2-3/INFO]: [gg.playit.minecraft.PlayitTcpTunnel] claim token sent
[04:12:20] [nioEventLoopGroup-2-3/INFO]: [gg.playit.minecraft.PlayitTcpTunnel] connection to tunnel server has been established
[04:12:20] [nioEventLoopGroup-2-3/INFO]: [gg.playit.minecraft.PlayitTcpTunnel] Reflect: ReflectionHelper{ServerConnection=class net.minecraft.server.network.ServerConnectionListener, LegacyPingHandler=class net.minecraft.server.network.LegacyQueryHandler, MinecraftServer=class net.minecraft.server.MinecraftServer, PacketSplitter=class net.minecraft.network.Varint21FrameDecoder, PacketDecoder=class net.minecraft.network.PacketDecoder, EnumProtocolDirection=class net.minecraft.network.protocol.PacketFlow, PacketPrepender=class net.minecraft.network.Varint21LengthFieldPrepender, PacketEncoder=class net.minecraft.network.PacketEncoder, NetworkManagerServer=class net.minecraft.network.RateKickingConnection, NetworkManager=class net.minecraft.network.Connection, HandshakeListener=class net.minecraft.server.network.ServerHandshakePacketListenerImpl, PacketListener=interface net.minecraft.network.PacketListener, CraftServer=class org.bukkit.craftbukkit.CraftServer}
[04:12:20] [nioEventLoopGroup-2-3/INFO]: [gg.playit.minecraft.PlayitTcpTunnel] legacyPingHandler is null
[04:12:20] [nioEventLoopGroup-2-3/INFO]: [gg.playit.minecraft.PlayitTcpTunnel] connecting to minecraft server at localhost/127.0.0.1:25565
[04:12:20] [nioEventLoopGroup-2-4/INFO]: [gg.playit.minecraft.PlayitTcpTunnel] connected to local minecraft server
[04:13:26] [Thread-8/INFO]: [gg.playit.control.ChannelSetup] send keep alive
[04:17:27] [Thread-8/INFO]: [gg.playit.control.ChannelSetup] send keep alive
[04:21:27] [Thread-8/INFO]: [gg.playit.control.ChannelSetup] send keep alive
[04:22:05] [nioEventLoopGroup-2-1/WARN]: [io.netty.channel.DefaultChannelPipeline] An exceptionCaught() event was fired, and it reached at the tail of the pipeline. It usually means the last handler in the pipeline did not handle the exception.
java.io.IOException: Connection timed out
	at java.base/sun.nio.ch.SocketDispatcher.read0(Native Method) ~[?:?]
	at java.base/sun.nio.ch.SocketDispatcher.read(SocketDispatcher.java:47) ~[?:?]
	at java.base/sun.nio.ch.IOUtil.readIntoNativeBuffer(IOUtil.java:340) ~[?:?]
	at java.base/sun.nio.ch.IOUtil.read(IOUtil.java:294) ~[?:?]
	at java.base/sun.nio.ch.IOUtil.read(IOUtil.java:269) ~[?:?]
	at java.base/sun.nio.ch.SocketChannelImpl.read(SocketChannelImpl.java:425) ~[?:?]
	at io.netty.buffer.PooledByteBuf.setBytes(PooledByteBuf.java:255) ~[netty-buffer-4.1.115.Final.jar:4.1.115.Final]
	at io.netty.buffer.AbstractByteBuf.writeBytes(AbstractByteBuf.java:1132) ~[netty-buffer-4.1.115.Final.jar:4.1.115.Final]
	at io.netty.channel.socket.nio.NioSocketChannel.doReadBytes(NioSocketChannel.java:356) ~[netty-transport-4.1.115.Final.jar:4.1.115.Final]
	at io.netty.channel.nio.AbstractNioByteChannel$NioByteUnsafe.read(AbstractNioByteChannel.java:151) ~[netty-transport-4.1.115.Final.jar:4.1.115.Final]
	at io.netty.channel.nio.NioEventLoop.processSelectedKey(NioEventLoop.java:788) ~[netty-transport-4.1.115.Final.jar:4.1.115.Final]
	at io.netty.channel.nio.NioEventLoop.processSelectedKeysOptimized(NioEventLoop.java:724) ~[netty-transport-4.1.115.Final.jar:4.1.115.Final]
	at io.netty.channel.nio.NioEventLoop.processSelectedKeys(NioEventLoop.java:650) ~[netty-transport-4.1.115.Final.jar:4.1.115.Final]
	at io.netty.channel.nio.NioEventLoop.run(NioEventLoop.java:562) ~[netty-transport-4.1.115.Final.jar:4.1.115.Final]
	at io.netty.util.concurrent.SingleThreadEventExecutor$4.run(SingleThreadEventExecutor.java:997) ~[netty-common-4.1.115.Final.jar:4.1.115.Final]
	at io.netty.util.internal.ThreadExecutorMap$2.run(ThreadExecutorMap.java:74) ~[netty-common-4.1.115.Final.jar:4.1.115.Final]
	at io.netty.util.concurrent.FastThreadLocalRunnable.run(FastThreadLocalRunnable.java:30) ~[netty-common-4.1.115.Final.jar:4.1.115.Final]
	at java.base/java.lang.Thread.run(Thread.java:1583) ~[?:?]
[04:25:28] [Thread-8/INFO]: [gg.playit.control.ChannelSetup] send keep alive
[04:29:28] [Thread-8/INFO]: [gg.playit.control.ChannelSetup] send keep alive
